2017-12-27 12:30:16,809 [DEBUG] - merc.at.hilos.genthread - genthread.py:25 - kwargs: {'series_update': [<Series: KilljoysNRNRS03E11NRS99E99>, <Series: TakenNRNRS01E09NRS99E99>, <Series: Marvels Agents of S.H.I.E.L.DNRNRS04E23NRS99E99>, <Series: El Ministerio del TiempoHDHDS03E14NRS99E99>, <Series: El TiradorNRNRS02E09NRS99E99>, <Series: The DefendersHDHDS01E09HDS99E99>, <Series: Halt and Catch FireHDHDS04E11HDS99E99>, <Series: La Vida en PiezasHDHDS02E19HDS99E99>, <Series: FireflyNRNRS02E00NRS99E99>, <Series: InhumansNRNRS01E09NRS99E99>, <Series: Star Trek DiscoveryNRNRS01E10NRS99E99>, <Series: Code BlackHDHDS02E17HDS99E99>, <Series: TransparentHDHDS04E11NRS99E99>, <Series: New GirlHDHDS06E19NRS99E99>, <Series: The Big Bang TheoryHDHDS11E10NRS99E99>, <Series: Brooklyn Nine NineHDHDS04E21NRS99E99>, <Series: Modern FamilyHDHDS09E09HDS99E99>, <Series: The BlacklistHDHDS05E09NRS99E99>, <Series: MindhunterHDHDS01E02HDS99E99>, <Series: Stranger ThingsHDHDS02E10NRS99E99>, '...(remaining elements truncated)...'], 'torrentservers': [<TorrentServers: [david] davidperezmillan     85.53.90.10:1701>], 'user': None, 'filter_find': True}
2017-12-27 12:30:16,813 [DEBUG] - merc.at.hilos.genthread - genthread.py:26 - Vamos a lanzar una busqueda para 44 en los servidores [<TorrentServers: [david] davidperezmillan     85.53.90.10:1701>] habilitados para el user None: opcion de filtrado:True
2017-12-27 12:30:16,815 [DEBUG] - merc.at.airtrapLauncher - airtrapLauncher.py:124 - Plugin active:merc.at.plugins.newpct1_handler:Newpct1HandlerClass 
2017-12-27 12:30:16,934 [INFO] - merc.at.service.torrentHandler - torrentHandler.py:25 - Intentando conectar con : 85.53.90.101701davidperezmillanclon9897
2017-12-27 12:30:17,255 [DEBUG] - merc.at.service.torrentHandler - torrentHandler.py:27 - download_dir /home/david/tmp
2017-12-27 12:30:17,255 [DEBUG] - merc.at.airtrapLauncher - airtrapLauncher.py:147 - [<merc.at.airtrapLauncher.ClientTorrents instance at 0x7f3f15230f38>]
2017-12-27 12:30:17,255 [DEBUG] - merc.at.airtrapLauncher - airtrapLauncher.py:163 - Clientes torrent seleccionados : [<merc.at.airtrapLauncher.ClientTorrents instance at 0x7f3f15230f38>]
2017-12-27 12:30:17,256 [INFO] - merc.at.airtrapLauncher - airtrapLauncher.py:58 - conf_clnt: [david] davidperezmillan     85.53.90.10:1701
2017-12-27 12:30:17,257 [INFO] - merc.at.airtrapLauncher - airtrapLauncher.py:62 - plugins: 1
2017-12-27 12:30:18,805 [INFO] - merc.at.airtrapLauncher - airtrapLauncher.py:77 - Hemos encontrado [[ 0 ]] para [[ Killjoys ]] elementos para descargar
2017-12-27 12:30:20,276 [INFO] - merc.at.airtrapLauncher - airtrapLauncher.py:77 - Hemos encontrado [[ 0 ]] para [[ Taken ]] elementos para descargar
2017-12-27 12:30:22,047 [INFO] - merc.at.airtrapLauncher - airtrapLauncher.py:77 - Hemos encontrado [[ 0 ]] para [[ Marvels Agents of S.H.I.E.L.D ]] elementos para descargar
2017-12-27 12:30:23,950 [INFO] - merc.at.airtrapLauncher - airtrapLauncher.py:77 - Hemos encontrado [[ 0 ]] para [[ El Ministerio del Tiempo ]] elementos para descargar
2017-12-27 12:30:26,281 [INFO] - merc.at.airtrapLauncher - airtrapLauncher.py:77 - Hemos encontrado [[ 0 ]] para [[ El Tirador ]] elementos para descargar
2017-12-27 12:30:28,373 [INFO] - merc.at.airtrapLauncher - airtrapLauncher.py:77 - Hemos encontrado [[ 0 ]] para [[ The Defenders ]] elementos para descargar
2017-12-27 12:30:30,570 [INFO] - merc.at.airtrapLauncher - airtrapLauncher.py:77 - Hemos encontrado [[ 0 ]] para [[ Halt and Catch Fire ]] elementos para descargar
2017-12-27 12:30:35,013 [INFO] - merc.at.airtrapLauncher - airtrapLauncher.py:77 - Hemos encontrado [[ 2 ]] para [[ La Vida en Piezas ]] elementos para descargar
2017-12-27 12:30:35,014 [DEBUG] - merc.at.service.torrentHandler - torrentHandler.py:48 - Skip el espacio que tenemos
2017-12-27 12:30:35,014 [DEBUG] - merc.at.service.torrentHandler - torrentHandler.py:64 - Enviando con : La Vida en Piezas : HDS02E20 : /media/maxtor/series
2017-12-27 12:30:35,014 [DEBUG] - merc.at.service.torrentHandler - torrentHandler.py:75 - Intentando descargar: La Vida en Piezas:HDS02E20 con la opciones: {'paused': True, 'download_dir': '/media/maxtor/series/La Vida en Piezas/Session 2'}
2017-12-27 12:30:35,534 [INFO] - merc.at.service.torrentHandler - torrentHandler.py:79 - [GTorrent] Torrent 128 790c757707f5d45414c3301a320d46812464a8c5 La Vida En Piezas - Temporada 2 [HDTV 720p][Cap.220][AC3 5.1 Español Castellano]
2017-12-27 12:30:35,535 [DEBUG] - merc.at.service.torrentHandler - torrentHandler.py:80 - ['date_active', 'date_added', 'date_done', 'date_started', 'download_limit', 'eta', 'files', 'format_eta', 'locate_data', 'move_data', 'peer_limit', 'priority', 'progress', 'queue_position', 'ratio', 'seed_idle_limit', 'seed_idle_mode', 'seed_ratio_limit', 'seed_ratio_mode', 'start', 'status', 'stop', 'update', 'upload_limit']
2017-12-27 12:30:35,535 [DEBUG] - merc.at.service.torrentHandler - torrentHandler.py:105 - Recuperamos el torrent : 128
2017-12-27 12:30:35,651 [DEBUG] - merc.at.service.torrentHandler - torrentHandler.py:107 - id del torrent {0: {'priority': 'normal', 'completed': 321, 'selected': False, 'name': u'La Vida En Piezas - Temporada 2 [HDTV 720p][Cap.220][AC3 5.1 Espa\xf1ol Castellano]/Importante leer !!!!!.txt', 'size': 321}, 1: {'priority': 'normal', 'completed': 798270035, 'selected': True, 'name': u'La Vida En Piezas - Temporada 2 [HDTV 720p][Cap.220][AC3 5.1 Espa\xf1ol Castellano]/LaVidaEnPiezas720p_220_NEWPCT.mkv', 'size': 798270035}, 2: {'priority': 'normal', 'completed': 198, 'selected': False, 'name': u'La Vida En Piezas - Temporada 2 [HDTV 720p][Cap.220][AC3 5.1 Espa\xf1ol Castellano]/TorrentLocura.com.url', 'size': 198}}
2017-12-27 12:30:35,652 [DEBUG] - merc.at.service.torrentHandler - torrentHandler.py:109 - id del fichero 0
2017-12-27 12:30:35,652 [DEBUG] - merc.at.service.torrentHandler - torrentHandler.py:110 - nombre del fichero La Vida En Piezas - Temporada 2 [HDTV 720p][Cap.220][AC3 5.1 Español Castellano]/Importante leer !!!!!.txt
2017-12-27 12:30:35,652 [INFO] - merc.at.service.torrentHandler - torrentHandler.py:112 - [EXCLUIDO] : La Vida En Piezas - Temporada 2 [HDTV 720p][Cap.220][AC3 5.1 Español Castellano]/Importante leer !!!!!.txt
2017-12-27 12:30:35,759 [DEBUG] - merc.at.service.torrentHandler - torrentHandler.py:109 - id del fichero 1
2017-12-27 12:30:35,760 [DEBUG] - merc.at.service.torrentHandler - torrentHandler.py:110 - nombre del fichero La Vida En Piezas - Temporada 2 [HDTV 720p][Cap.220][AC3 5.1 Español Castellano]/LaVidaEnPiezas720p_220_NEWPCT.mkv
2017-12-27 12:30:35,760 [DEBUG] - merc.at.service.torrentHandler - torrentHandler.py:109 - id del fichero 2
2017-12-27 12:30:35,760 [DEBUG] - merc.at.service.torrentHandler - torrentHandler.py:110 - nombre del fichero La Vida En Piezas - Temporada 2 [HDTV 720p][Cap.220][AC3 5.1 Español Castellano]/TorrentLocura.com.url
2017-12-27 12:30:35,760 [INFO] - merc.at.service.torrentHandler - torrentHandler.py:112 - [EXCLUIDO] : La Vida En Piezas - Temporada 2 [HDTV 720p][Cap.220][AC3 5.1 Español Castellano]/TorrentLocura.com.url
2017-12-27 12:30:35,869 [DEBUG] - merc.at.service.torrentHandler - torrentHandler.py:64 - Enviando con : La Vida en Piezas : HDS02E19 : /media/maxtor/series
2017-12-27 12:30:35,869 [DEBUG] - merc.at.service.torrentHandler - torrentHandler.py:75 - Intentando descargar: La Vida en Piezas:HDS02E19 con la opciones: {'paused': True, 'download_dir': '/media/maxtor/series/La Vida en Piezas/Session 2'}
2017-12-27 12:30:36,344 [INFO] - merc.at.service.torrentHandler - torrentHandler.py:79 - [GTorrent] Torrent 47 4217c0e8d5d5bfac5151d8e2ce8c95a8a1623605 La Vida En Piezas - Temporada 2 [HDTV 720p][Cap.219][AC3 5.1 Español Castellano]
2017-12-27 12:30:36,344 [DEBUG] - merc.at.service.torrentHandler - torrentHandler.py:80 - ['date_active', 'date_added', 'date_done', 'date_started', 'download_limit', 'eta', 'files', 'format_eta', 'locate_data', 'move_data', 'peer_limit', 'priority', 'progress', 'queue_position', 'ratio', 'seed_idle_limit', 'seed_idle_mode', 'seed_ratio_limit', 'seed_ratio_mode', 'start', 'status', 'stop', 'update', 'upload_limit']
2017-12-27 12:30:36,344 [DEBUG] - merc.at.service.torrentHandler - torrentHandler.py:105 - Recuperamos el torrent : 47
2017-12-27 12:30:36,443 [DEBUG] - merc.at.service.torrentHandler - torrentHandler.py:107 - id del torrent {0: {'priority': 'normal', 'completed': 302, 'selected': False, 'name': u'La Vida En Piezas - Temporada 2 [HDTV 720p][Cap.219][AC3 5.1 Espa\xf1ol Castellano]/Importante leer !!!!!.txt', 'size': 302}, 1: {'priority': 'normal', 'completed': 800224937, 'selected': True, 'name': u'La Vida En Piezas - Temporada 2 [HDTV 720p][Cap.219][AC3 5.1 Espa\xf1ol Castellano]/LaVidaEnPiezas720p2x19 [www.newpct1.com].mkv', 'size': 800224937}, 2: {'priority': 'normal', 'completed': 127, 'selected': False, 'name': u'La Vida En Piezas - Temporada 2 [HDTV 720p][Cap.219][AC3 5.1 Espa\xf1ol Castellano]/TorrentRapid.url', 'size': 127}}
2017-12-27 12:30:36,444 [DEBUG] - merc.at.service.torrentHandler - torrentHandler.py:109 - id del fichero 0
2017-12-27 12:30:36,444 [DEBUG] - merc.at.service.torrentHandler - torrentHandler.py:110 - nombre del fichero La Vida En Piezas - Temporada 2 [HDTV 720p][Cap.219][AC3 5.1 Español Castellano]/Importante leer !!!!!.txt
2017-12-27 12:30:36,444 [INFO] - merc.at.service.torrentHandler - torrentHandler.py:112 - [EXCLUIDO] : La Vida En Piezas - Temporada 2 [HDTV 720p][Cap.219][AC3 5.1 Español Castellano]/Importante leer !!!!!.txt
2017-12-27 12:30:36,543 [DEBUG] - merc.at.service.torrentHandler - torrentHandler.py:109 - id del fichero 1
2017-12-27 12:30:36,543 [DEBUG] - merc.at.service.torrentHandler - torrentHandler.py:110 - nombre del fichero La Vida En Piezas - Temporada 2 [HDTV 720p][Cap.219][AC3 5.1 Español Castellano]/LaVidaEnPiezas720p2x19 [www.newpct1.com].mkv
2017-12-27 12:30:36,543 [DEBUG] - merc.at.service.torrentHandler - torrentHandler.py:109 - id del fichero 2
2017-12-27 12:30:36,543 [DEBUG] - merc.at.service.torrentHandler - torrentHandler.py:110 - nombre del fichero La Vida En Piezas - Temporada 2 [HDTV 720p][Cap.219][AC3 5.1 Español Castellano]/TorrentRapid.url
2017-12-27 12:30:36,544 [INFO] - merc.at.service.torrentHandler - torrentHandler.py:112 - [EXCLUIDO] : La Vida En Piezas - Temporada 2 [HDTV 720p][Cap.219][AC3 5.1 Español Castellano]/TorrentRapid.url
2017-12-27 12:30:36,660 [INFO] - merc.at.airtrapLauncher - airtrapLauncher.py:103 - [UPDATE SERIES] La Vida en Piezas a HDS02E20 -- 2017-12-27 12:30:36.660722
2017-12-27 12:30:36,673 [INFO] - merc.at.airtrapLauncher - airtrapLauncher.py:103 - [UPDATE SERIES] La Vida en Piezas a HDS02E21 -- 2017-12-27 12:30:36.673071
2017-12-27 12:30:38,957 [INFO] - merc.at.airtrapLauncher - airtrapLauncher.py:77 - Hemos encontrado [[ 2 ]] para [[ Firefly ]] elementos para descargar
2017-12-27 12:30:41,186 [INFO] - merc.at.airtrapLauncher - airtrapLauncher.py:77 - Hemos encontrado [[ 2 ]] para [[ Inhumans ]] elementos para descargar
2017-12-27 12:30:44,074 [INFO] - merc.at.airtrapLauncher - airtrapLauncher.py:77 - Hemos encontrado [[ 2 ]] para [[ Star Trek Discovery ]] elementos para descargar
2017-12-27 12:30:46,215 [INFO] - merc.at.airtrapLauncher - airtrapLauncher.py:77 - Hemos encontrado [[ 2 ]] para [[ Code Black ]] elementos para descargar
2017-12-27 12:30:48,457 [INFO] - merc.at.airtrapLauncher - airtrapLauncher.py:77 - Hemos encontrado [[ 2 ]] para [[ Transparent ]] elementos para descargar
2017-12-27 12:30:51,503 [INFO] - merc.at.airtrapLauncher - airtrapLauncher.py:77 - Hemos encontrado [[ 3 ]] para [[ New Girl ]] elementos para descargar
2017-12-27 12:30:51,504 [DEBUG] - merc.at.service.torrentHandler - torrentHandler.py:48 - Skip el espacio que tenemos
2017-12-27 12:30:51,504 [DEBUG] - merc.at.service.torrentHandler - torrentHandler.py:64 - Enviando con : New Girl : HDS06E19 : /media/maxtor/series
2017-12-27 12:30:51,504 [DEBUG] - merc.at.service.torrentHandler - torrentHandler.py:75 - Intentando descargar: New Girl:HDS06E19 con la opciones: {'paused': True, 'download_dir': '/media/maxtor/series/New Girl/Session 6'}
2017-12-27 12:30:51,984 [INFO] - merc.at.service.torrentHandler - torrentHandler.py:79 - [GTorrent] Torrent 29 5a0becc26059f97671e227c9afae50b8d807d1de New Girl - Temporada 6 [HDTV 720p][Cap.619][AC3 5.1 Español Castellano]
2017-12-27 12:30:51,984 [DEBUG] - merc.at.service.torrentHandler - torrentHandler.py:80 - ['date_active', 'date_added', 'date_done', 'date_started', 'download_limit', 'eta', 'files', 'format_eta', 'locate_data', 'move_data', 'peer_limit', 'priority', 'progress', 'queue_position', 'ratio', 'seed_idle_limit', 'seed_idle_mode', 'seed_ratio_limit', 'seed_ratio_mode', 'start', 'status', 'stop', 'update', 'upload_limit']
2017-12-27 12:30:51,984 [DEBUG] - merc.at.service.torrentHandler - torrentHandler.py:105 - Recuperamos el torrent : 29
2017-12-27 12:30:52,084 [DEBUG] - merc.at.service.torrentHandler - torrentHandler.py:107 - id del torrent {0: {'priority': 'normal', 'completed': 302, 'selected': False, 'name': u'New Girl - Temporada 6 [HDTV 720p][Cap.619][AC3 5.1 Espa\xf1ol Castellano]/Importante leer !!!!!.txt', 'size': 302}, 1: {'priority': 'normal', 'completed': 827491942, 'selected': True, 'name': u'New Girl - Temporada 6 [HDTV 720p][Cap.619][AC3 5.1 Espa\xf1ol Castellano]/NewGirl720p6x19 [www.newpct1.com].mkv', 'size': 827491942}, 2: {'priority': 'normal', 'completed': 127, 'selected': False, 'name': u'New Girl - Temporada 6 [HDTV 720p][Cap.619][AC3 5.1 Espa\xf1ol Castellano]/TorrentRapid.url', 'size': 127}}
2017-12-27 12:30:52,084 [DEBUG] - merc.at.service.torrentHandler - torrentHandler.py:109 - id del fichero 0
2017-12-27 12:30:52,084 [DEBUG] - merc.at.service.torrentHandler - torrentHandler.py:110 - nombre del fichero New Girl - Temporada 6 [HDTV 720p][Cap.619][AC3 5.1 Español Castellano]/Importante leer !!!!!.txt
2017-12-27 12:30:52,084 [INFO] - merc.at.service.torrentHandler - torrentHandler.py:112 - [EXCLUIDO] : New Girl - Temporada 6 [HDTV 720p][Cap.619][AC3 5.1 Español Castellano]/Importante leer !!!!!.txt
2017-12-27 12:30:52,185 [DEBUG] - merc.at.service.torrentHandler - torrentHandler.py:109 - id del fichero 1
2017-12-27 12:30:52,185 [DEBUG] - merc.at.service.torrentHandler - torrentHandler.py:110 - nombre del fichero New Girl - Temporada 6 [HDTV 720p][Cap.619][AC3 5.1 Español Castellano]/NewGirl720p6x19 [www.newpct1.com].mkv
2017-12-27 12:30:52,185 [DEBUG] - merc.at.service.torrentHandler - torrentHandler.py:109 - id del fichero 2
2017-12-27 12:30:52,185 [DEBUG] - merc.at.service.torrentHandler - torrentHandler.py:110 - nombre del fichero New Girl - Temporada 6 [HDTV 720p][Cap.619][AC3 5.1 Español Castellano]/TorrentRapid.url
2017-12-27 12:30:52,185 [INFO] - merc.at.service.torrentHandler - torrentHandler.py:112 - [EXCLUIDO] : New Girl - Temporada 6 [HDTV 720p][Cap.619][AC3 5.1 Español Castellano]/TorrentRapid.url
2017-12-27 12:30:52,286 [INFO] - merc.at.airtrapLauncher - airtrapLauncher.py:103 - [UPDATE SERIES] New Girl a HDS06E20 -- 2017-12-27 12:30:52.286209
2017-12-27 14:09:32,549 [INFO] - merc.views - views.py:223 - <tr><th><label for="id_msg">Mensaje:</label></th><td><textarea class="form-control" cols="40" id="id_msg" maxlength="200" name="msg" rows="10">
Ya he conseguido que esto funcione correctamente</textarea></td></tr>
<tr><th><label for="id_receiver">Destinatario:</label></th><td><input class="form-control" id="id_receiver" maxlength="20" name="receiver" type="text" value="David Perez Millan" /></td></tr>
2017-12-27 14:09:32,565 [INFO] - merc.views - views.py:229 - [(u'David', u'Perez Millan')][u'David Perez Millan'][u'David Perez Millan']
2017-12-27 14:09:32,573 [DEBUG] - merc.at.hilos.genthread - genthread.py:48 - user: david:receivers usernames=[u'David Perez Millan'] fullnames=[(u'David', u'Perez Millan')] groups=[u'David Perez Millan']
2017-12-27 14:09:32,607 [INFO] - merc.at.service.telegramHandler - telegramHandler.py:46 - config=usernames=[u'David Perez Millan'] fullnames=[(u'David', u'Perez Millan')] groups=[u'David Perez Millan'], message=Ya he conseguido que esto funcione correctamente
2017-12-27 14:09:32,611 [INFO] - merc.at.service.telegramHandler - telegramHandler.py:71 - token=135486382:AAFb4fhTGDfy42FzO77HAoxPD6F0PLBGx2Y, parse_mode=markdown, usernames=[u'David Perez Millan'], fullnames=[(u'David', u'Perez Millan')], groups=[u'David Perez Millan']
2017-12-27 14:10:53,017 [ERROR] - merc.at.service.telegramHandler - telegramHandler.py:87 - Could not connect Telegram servers at this time, please try again later: urllib3 HTTPError HTTPSConnectionPool(host='api.telegram.org', port=443): Max retries exceeded with url: /bot135486382:AAFb4fhTGDfy42FzO77HAoxPD6F0PLBGx2Y/getMe (Caused by NewConnectionError('<telegram.vendor.ptb_urllib3.urllib3.connection.VerifiedHTTPSConnection object at 0x7fd0e06fc050>: Failed to establish a new connection: [Errno 101] Network is unreachable',))
2017-12-27 14:10:53,103 [DEBUG] - merc.at.service.telegramHandler - telegramHandler.py:146 - loading cached chat ids
2017-12-27 14:10:53,106 [DEBUG] - merc.at.service.telegramHandler - telegramHandler.py:164 - Try get data Chats
2017-12-27 14:10:53,454 [DEBUG] - merc.at.service.telegramHandler - telegramHandler.py:148 - found 0 cached chat_ids: []
2017-12-27 14:10:53,454 [DEBUG] - merc.at.service.telegramHandler - telegramHandler.py:154 - loading new chat ids
2017-12-27 14:10:53,454 [DEBUG] - merc.at.service.telegramHandler - telegramHandler.py:215 - Try get new Chats
2017-12-27 14:10:53,456 [DEBUG] - merc.at.service.telegramHandler - telegramHandler.py:273 - Update BBDD
