2017-10-27 11:35:52,326 [DEBUG] - airdata - airdata:91 - Argumentos pasados Namespace(basedatos=None, cron=False, id=None, logfile='/home/david/script/airtrap/logs/airdata.log', loglevel='DEBUG', mode='select', query=None, serie=None, tabla=None, test=False, verbose=False)
2017-10-27 11:35:52,386 [DEBUG] - airdata - airdata:99 - select
2017-10-27 11:35:52,387 [DEBUG] - airdata - airdata:115 - select:select
2017-10-27 11:38:24,664 [DEBUG] - airdata - airdata:91 - Argumentos pasados Namespace(basedatos=None, cron=False, id=None, logfile='/home/david/script/airtrap/logs/airdata.log', loglevel='DEBUG', mode='select', query=None, serie=None, tabla=None, test=False, verbose=False)
2017-10-27 11:38:24,708 [DEBUG] - airdata - airdata:99 - select
2017-10-27 11:38:24,709 [DEBUG] - airdata - airdata:115 - select:select
2017-10-27 12:51:51,709 [DEBUG] - airdata - airdata:91 - Argumentos pasados Namespace(basedatos=None, cron=False, id=None, logfile='/home/david/script/airtrap/logs/airdata.log', loglevel='DEBUG', mode='select', query=None, serie=None, tabla=None, test=False, verbose=False)
2017-10-27 12:51:51,770 [DEBUG] - airdata - airdata:99 - select
2017-10-27 12:51:51,771 [DEBUG] - airdata - airdata:115 - select:select
2017-10-27 13:00:01,449 [DEBUG] - airdata - airdata:91 - Argumentos pasados Namespace(basedatos=None, cron=False, id=None, logfile='/home/david/script/airtrap/logs/airdata.log', loglevel='DEBUG', mode='select', query=None, serie=None, tabla=None, test=False, verbose=False)
2017-10-27 13:00:01,581 [DEBUG] - airdata - airdata:99 - select
2017-10-27 13:00:01,582 [DEBUG] - airdata - airdata:115 - select:select
2017-10-27 14:39:41,738 [DEBUG] - airdata - airdata:91 - Argumentos pasados Namespace(basedatos=None, cron=False, id=None, logfile='/home/david/script/airtrap/logs/airdata.log', loglevel='DEBUG', mode='select', query=None, serie=None, tabla=None, test=False, verbose=False)
2017-10-27 14:39:41,777 [DEBUG] - airdata - airdata:99 - select
2017-10-27 14:39:41,789 [DEBUG] - airdata - airdata:115 - select:select
2017-10-27 14:40:40,510 [DEBUG] - airdata - airdata:91 - Argumentos pasados Namespace(basedatos=None, cron=False, id=None, logfile='/home/david/script/airtrap/logs/airdata.log', loglevel='DEBUG', mode='select', query=None, serie=None, tabla=None, test=False, verbose=False)
2017-10-27 14:40:40,546 [DEBUG] - airdata - airdata:99 - select
2017-10-27 14:40:40,547 [DEBUG] - airdata - airdata:115 - select:select
2017-10-27 14:41:19,832 [DEBUG] - airdata - airdata:91 - Argumentos pasados Namespace(basedatos=None, cron=False, id=None, logfile='/home/david/script/airtrap/logs/airdata.log', loglevel='DEBUG', mode='update', query=None, serie=['9JKL', 'HDS01E00'], tabla=None, test=False, verbose=False)
2017-10-27 14:41:19,868 [DEBUG] - airdata - airdata:99 - update
2017-10-27 14:41:19,869 [DEBUG] - airdata - airdata:104 - update:update
2017-10-27 14:41:19,884 [ERROR] - airdata - databaseairtrap.py:152 - Error al update la tabla [(sqlite3.OperationalError) attempt to write a readonly database [SQL: u'UPDATE "SERIES" SET "EP_START"=?, "QUALITY"=?, "ULTIMA"=? WHERE "SERIES"."NOMBRE" = ? AND "SERIES"."QUALITY" = ?'] [parameters: ('HDS01E00', 'HD', '2017-10-27 14:41:19.876941', '9JKL', 'HD')]]
2017-10-27 14:41:19,886 [DEBUG] - airdata - airdata:106 - select:update
2017-10-27 14:41:19,886 [INFO] - airdata - airdata:107 - None Filas afectadas en update 
2017-10-27 14:41:27,771 [DEBUG] - airdata - airdata:91 - Argumentos pasados Namespace(basedatos=None, cron=False, id=None, logfile='/home/david/script/airtrap/logs/airdata.log', loglevel='DEBUG', mode='select', query=None, serie=None, tabla=None, test=False, verbose=False)
2017-10-27 14:41:27,807 [DEBUG] - airdata - airdata:99 - select
2017-10-27 14:41:27,808 [DEBUG] - airdata - airdata:115 - select:select
2017-10-27 14:43:08,840 [DEBUG] - airdata - airdata:91 - Argumentos pasados Namespace(basedatos=None, cron=False, id=None, logfile='/home/david/script/airtrap/logs/airdata.log', loglevel='DEBUG', mode='update', query=None, serie=['9JKL', 'HDS01E00'], tabla=None, test=False, verbose=False)
2017-10-27 14:43:08,876 [DEBUG] - airdata - airdata:99 - update
2017-10-27 14:43:08,877 [DEBUG] - airdata - airdata:104 - update:update
2017-10-27 14:43:08,969 [DEBUG] - airdata - airdata:106 - select:update
2017-10-27 14:43:08,970 [INFO] - airdata - airdata:107 - 1 Filas afectadas en update 
2017-10-27 14:43:17,658 [DEBUG] - airdata - airdata:91 - Argumentos pasados Namespace(basedatos=None, cron=False, id=None, logfile='/home/david/script/airtrap/logs/airdata.log', loglevel='DEBUG', mode='select', query=None, serie=None, tabla=None, test=False, verbose=False)
2017-10-27 14:43:17,694 [DEBUG] - airdata - airdata:99 - select
2017-10-27 14:43:17,694 [DEBUG] - airdata - airdata:115 - select:select
2017-10-27 19:13:01,527 [DEBUG] - airdata - airdata:91 - Argumentos pasados Namespace(basedatos=None, cron=False, id=None, logfile='/home/david/script/airtrap/logs/airdata.log', loglevel='DEBUG', mode='select', query=None, serie=None, tabla=None, test=False, verbose=False)
2017-10-27 19:13:01,628 [DEBUG] - airdata - airdata:99 - select
2017-10-27 19:13:01,628 [DEBUG] - airdata - airdata:115 - select:select
2017-10-30 13:42:43,906 [DEBUG] - airdata - airdata:91 - Argumentos pasados Namespace(basedatos=None, cron=False, id=None, logfile='/home/david/script/airtrap/logs/airdata.log', loglevel='DEBUG', mode='select', query=None, serie=None, tabla=None, test=False, verbose=False)
2017-10-30 13:42:43,956 [DEBUG] - airdata - airdata:99 - select
2017-10-30 13:42:43,956 [DEBUG] - airdata - airdata:115 - select:select
2017-10-30 15:13:52,539 [DEBUG] - airdata - airdata:91 - Argumentos pasados Namespace(basedatos=None, cron=False, id=None, logfile='/home/david/script/airtrap/logs/airdata.log', loglevel='DEBUG', mode='select', query='SELECT * FROM SERIES ORDER BY ULTIMA', serie=None, tabla=None, test=False, verbose=False)
2017-10-30 15:13:52,594 [DEBUG] - airdata - airdata:99 - select
2017-10-30 15:13:52,595 [DEBUG] - airdata - airdata:115 - select:select
2017-10-30 15:13:52,596 [INFO] - airdata - airdata:117 - select:SELECT * FROM SERIES ORDER BY ULTIMA
2017-10-30 15:44:42,109 [DEBUG] - airdata - airdata:91 - Argumentos pasados Namespace(basedatos=None, cron=False, id=None, logfile='/home/david/script/airtrap/logs/airdata.log', loglevel='DEBUG', mode='select', query=None, serie=None, tabla=None, test=False, verbose=False)
2017-10-30 15:44:42,146 [DEBUG] - airdata - airdata:99 - select
2017-10-30 15:44:42,147 [DEBUG] - airdata - airdata:115 - select:select
2017-10-30 15:45:07,332 [DEBUG] - airdata - airdata:91 - Argumentos pasados Namespace(basedatos=None, cron=False, id=None, logfile='/home/david/script/airtrap/logs/airdata.log', loglevel='DEBUG', mode='delete', query=None, serie=['9JKL', 'HD'], tabla=None, test=False, verbose=False)
2017-10-30 15:45:07,369 [DEBUG] - airdata - airdata:99 - delete
2017-10-30 15:45:07,370 [DEBUG] - airdata - airdata:122 - delete:delete
2017-10-30 15:45:07,383 [ERROR] - airdata - databaseairtrap.py:161 - Error al delete de un registro [(sqlite3.OperationalError) attempt to write a readonly database [SQL: u'DELETE FROM "SERIES" WHERE "SERIES"."NOMBRE" = ? AND "SERIES"."QUALITY" = ?'] [parameters: ('9JKL', 'HD')]]
2017-10-30 15:45:07,384 [INFO] - airdata - airdata:127 - None Filas afectadas en delete 
2017-10-30 15:45:27,634 [DEBUG] - airdata - airdata:91 - Argumentos pasados Namespace(basedatos=None, cron=False, id=None, logfile='/home/david/script/airtrap/logs/airdata.log', loglevel='DEBUG', mode='delete', query=None, serie=['9JKL', 'HD'], tabla=None, test=False, verbose=False)
2017-10-30 15:45:27,779 [DEBUG] - airdata - airdata:99 - delete
2017-10-30 15:45:27,779 [DEBUG] - airdata - airdata:122 - delete:delete
2017-10-30 15:45:27,873 [INFO] - airdata - airdata:127 - 1 Filas afectadas en delete 
2017-10-30 15:54:02,255 [DEBUG] - airdata - airdata:91 - Argumentos pasados Namespace(basedatos=None, cron=False, id=None, logfile='/home/david/script/airtrap/logs/airdata.log', loglevel='DEBUG', mode='delete', query=None, serie=['9JKL', 'HD'], tabla=None, test=False, verbose=False)
2017-10-30 15:54:02,294 [DEBUG] - airdata - airdata:99 - delete
2017-10-30 15:54:02,295 [DEBUG] - airdata - airdata:122 - delete:delete
2017-10-30 15:54:02,309 [INFO] - airdata - airdata:127 - 0 Filas afectadas en delete 
2017-10-30 15:54:07,326 [DEBUG] - airdata - airdata:91 - Argumentos pasados Namespace(basedatos=None, cron=False, id=None, logfile='/home/david/script/airtrap/logs/airdata.log', loglevel='DEBUG', mode='select', query=None, serie=None, tabla=None, test=False, verbose=False)
2017-10-30 15:54:07,375 [DEBUG] - airdata - airdata:99 - select
2017-10-30 15:54:07,375 [DEBUG] - airdata - airdata:115 - select:select
2017-10-30 15:58:29,505 [DEBUG] - airdata - airdata:91 - Argumentos pasados Namespace(basedatos=None, cron=False, id=None, logfile='/home/david/script/airtrap/logs/airdata.log', loglevel='DEBUG', mode='select', query=None, serie=None, tabla=None, test=False, verbose=False)
2017-10-30 15:58:29,543 [DEBUG] - airdata - airdata:99 - select
2017-10-30 15:58:29,544 [DEBUG] - airdata - airdata:115 - select:select
2017-10-30 16:21:05,143 [DEBUG] - airdata - airdata:91 - Argumentos pasados Namespace(basedatos='followingseries.sqlite3', cron=False, id=None, logfile='/home/david/script/airtrap/logs/airdata.log', loglevel='DEBUG', mode='select', query=None, serie=None, tabla=None, test=False, verbose=False)
2017-10-30 16:21:14,686 [DEBUG] - airdata - airdata:91 - Argumentos pasados Namespace(basedatos='followingseries.sqlite3', cron=False, id=None, logfile='/home/david/script/airtrap/logs/airdata.log', loglevel='DEBUG', mode='select', query=None, serie=None, tabla=None, test=False, verbose=False)
2017-10-30 16:21:21,423 [DEBUG] - airdata - airdata:91 - Argumentos pasados Namespace(basedatos='followingserieasdfasd', cron=False, id=None, logfile='/home/david/script/airtrap/logs/airdata.log', loglevel='DEBUG', mode='select', query=None, serie=None, tabla=None, test=False, verbose=False)
2017-10-30 16:25:01,279 [DEBUG] - airdata - airdata:91 - Argumentos pasados Namespace(basedatos=None, cron=False, id=None, logfile='/home/david/script/airtrap/logs/airdata.log', loglevel='DEBUG', mode='select', query=None, serie=None, tabla=None, test=False, verbose=False)
2017-10-30 16:25:01,315 [DEBUG] - airdata - airdata:99 - select
2017-10-30 16:25:01,316 [DEBUG] - airdata - airdata:115 - select:select
2017-10-30 16:39:42,383 [DEBUG] - airdata - airdata:91 - Argumentos pasados Namespace(basedatos=None, cron=False, id=None, logfile='/home/david/script/airtrap/logs/airdata.log', loglevel='DEBUG', mode='select', query=None, serie=None, tabla=None, test=False, verbose=False)
2017-10-30 16:39:42,422 [DEBUG] - airdata - airdata:99 - select
2017-10-30 16:39:42,423 [DEBUG] - airdata - airdata:115 - select:select
2017-10-30 16:40:13,541 [DEBUG] - airdata - airdata:91 - Argumentos pasados Namespace(basedatos=None, cron=False, id=None, logfile='/home/david/script/airtrap/logs/airdata.log', loglevel='DEBUG', mode='select', query=None, serie=None, tabla=None, test=False, verbose=False)
2017-10-30 16:40:13,577 [DEBUG] - airdata - airdata:99 - select
2017-10-30 16:40:13,578 [DEBUG] - airdata - airdata:115 - select:select
2017-10-30 16:52:34,650 [DEBUG] - airdata - airdata:91 - Argumentos pasados Namespace(basedatos=None, cron=False, id=None, logfile='/home/david/script/airtrap/logs/airdata.log', loglevel='DEBUG', mode='select', query=None, serie=None, tabla=None, test=False, verbose=False)
2017-10-30 16:52:34,693 [DEBUG] - airdata - airdata:99 - select
2017-10-30 16:52:34,694 [DEBUG] - airdata - airdata:115 - select:select
2017-11-01 14:01:00,057 [DEBUG] - airdata - airdata:91 - Argumentos pasados Namespace(basedatos=None, cron=False, id=None, logfile='/home/david/script/airtrap/logs/airdata.log', loglevel='DEBUG', mode='select', query=None, serie=None, tabla=None, test=False, verbose=False)
2017-11-01 14:01:00,108 [DEBUG] - airdata - airdata:99 - select
2017-11-01 14:01:00,109 [DEBUG] - airdata - airdata:115 - select:select
2017-11-02 12:26:19,713 [DEBUG] - airdata - airdata:91 - Argumentos pasados Namespace(basedatos=None, cron=False, id=None, logfile='/home/david/script/airtrap/logs/airdata.log', loglevel='DEBUG', mode='select', query=None, serie=None, tabla=None, test=False, verbose=False)
2017-11-02 12:26:19,770 [DEBUG] - airdata - airdata:99 - select
2017-11-02 12:26:19,771 [DEBUG] - airdata - airdata:115 - select:select
2017-11-03 12:11:24,398 [DEBUG] - airdata - airdata:91 - Argumentos pasados Namespace(basedatos=None, cron=False, id=None, logfile='/home/david/script/airtrap/logs/airdata.log', loglevel='DEBUG', mode='select', query=None, serie=None, tabla=None, test=False, verbose=False)
2017-11-03 12:11:24,464 [DEBUG] - airdata - airdata:99 - select
2017-11-03 12:11:24,465 [DEBUG] - airdata - airdata:115 - select:select
