2017-11-18 19:12:17,747 [INFO] - transmissionrpc - client.py:249 - http request took 6.093 s
2017-11-18 19:12:17,799 [INFO] - airtrap - airtrapHandler.py:140 - Buscamos Future Man para HDS01E02 - HDS99E99
2017-11-18 19:12:38,156 [INFO] - airtrap - airtrapHandler.py:148 - 0 enlaces de title=Future Man epstart=HDS01E02 epend=HDS99E99
2017-11-18 19:12:43,255 [INFO] - transmissionrpc - client.py:249 - http request took 5.098 s
2017-11-18 19:12:43,268 [INFO] - airtrap - airtrapHandler.py:140 - Buscamos Riverdale para HDS02E07 - HDS99E99
2017-11-18 19:13:08,966 [INFO] - airtrap - airtrapHandler.py:148 - 0 enlaces de title=Riverdale epstart=HDS02E07 epend=HDS99E99
2017-11-18 19:13:13,571 [INFO] - transmissionrpc - client.py:249 - http request took 4.603 s
2017-11-18 19:13:13,573 [INFO] - airtrap - airtrapHandler.py:140 - Buscamos La Vida en Piezas para HDS02E16 - HDS99E99
2017-11-18 19:13:39,257 [INFO] - airtrap - airtrapHandler.py:148 - 0 enlaces de title=La Vida en Piezas epstart=HDS02E16 epend=HDS99E99
2017-11-18 19:13:43,292 [INFO] - transmissionrpc - client.py:249 - http request took 4.034 s
2017-11-18 19:13:43,293 [INFO] - airtrap - airtrapHandler.py:140 - Buscamos The Big Bang Theory para HDS11E08 - NRS99E99
2017-11-18 19:14:06,112 [INFO] - airtrap - airtrapHandler.py:148 - 0 enlaces de title=The Big Bang Theory epstart=HDS11E08 epend=NRS99E99
2017-11-18 19:14:11,057 [INFO] - transmissionrpc - client.py:249 - http request took 4.944 s
2017-11-18 19:14:11,059 [INFO] - airtrap - airtrapHandler.py:140 - Buscamos This Is Us para ALS02E08 - ALS99E99
2017-11-18 19:14:36,949 [INFO] - airtrap - airtrapHandler.py:148 - 0 enlaces de title=This Is Us epstart=ALS02E08 epend=ALS99E99
2017-11-18 19:14:41,227 [INFO] - transmissionrpc - client.py:249 - http request took 4.275 s
2017-11-18 19:14:41,229 [INFO] - airtrap - airtrapHandler.py:140 - Buscamos Black-ish para HDS03E23 - HDS99E99
2017-11-18 19:15:19,461 [INFO] - airtrap - airtrapHandler.py:148 - 1 enlaces de title=Black-ish epstart=HDS03E23 epend=HDS99E99
2017-11-18 19:15:22,179 [INFO] - transmissionrpc - client.py:249 - http request took 2.714 s
2017-11-18 19:15:25,518 [INFO] - transmissionrpc - client.py:249 - http request took 3.338 s
2017-11-18 19:15:25,525 [ERROR] - airtrap - torrentHandler.py:111 - Failed to add torrent "Query failed with result "invalid or corrupt torrent file"."
2017-11-18 19:15:25,527 [INFO] - airtrap - airtrapHandler.py:140 - Buscamos El Joven Sheldon para HDS01E04 - HDS99E99
2017-11-18 19:15:47,547 [INFO] - airtrap - airtrapHandler.py:148 - 0 enlaces de title=El Joven Sheldon epstart=HDS01E04 epend=HDS99E99
2017-11-18 19:15:50,973 [INFO] - transmissionrpc - client.py:249 - http request took 3.426 s
2017-11-18 19:15:50,976 [INFO] - airtrap - airtrapHandler.py:140 - Buscamos Mom para HDS05E02 - HDS99E99
2017-11-18 19:16:11,068 [INFO] - airtrap - airtrapHandler.py:148 - 0 enlaces de title=Mom epstart=HDS05E02 epend=HDS99E99
2017-11-18 19:16:12,168 [INFO] - transmissionrpc - client.py:249 - http request took 1.097 s
2017-11-18 19:16:12,171 [INFO] - airtrap - airtrapHandler.py:140 - Buscamos Punisher para HDS01E13 - HDS99E99
2017-11-18 19:16:29,413 [INFO] - airtrap - airtrapHandler.py:148 - 0 enlaces de title=Punisher epstart=HDS01E13 epend=HDS99E99
2017-11-18 19:16:32,289 [INFO] - transmissionrpc - client.py:249 - http request took 2.876 s
2017-11-18 19:16:32,291 [INFO] - airtrap - airtrapHandler.py:87 - CALL to organize(/media/alt_b/series,/media/alt_b/mirror/)
2017-11-18 19:16:44,723 [INFO] - airtrap - telegramHandler.py:112 - token=135486382:AAFb4fhTGDfy42FzO77HAoxPD6F0PLBGx2Y, parse_mode=markdown, usernames=[], fullnames=[(u'David', u'Perez Millan')], groups=[]
2017-11-18 19:16:47,018 [INFO] - airtrap - telegramHandler.py:147 - sending msg to telegram servers: Que pena no tenemos nada que enviar .....
2017-11-18 21:00:03,044 [INFO] - airtrap - dataHandler.py:24 - Este es todo el listado de busquedas: [Taken : NR]
2017-11-18 21:00:03,047 [INFO] - airtrap - dataHandler.py:24 - Este es todo el listado de busquedas: [Marvels Agents of S.H.I.E.L.D : NR]
2017-11-18 21:00:03,047 [INFO] - airtrap - dataHandler.py:24 - Este es todo el listado de busquedas: [El Tirador : NR]
2017-11-18 21:00:03,048 [INFO] - airtrap - dataHandler.py:24 - Este es todo el listado de busquedas: [The Defenders : HD]
2017-11-18 21:00:03,048 [INFO] - airtrap - dataHandler.py:24 - Este es todo el listado de busquedas: [Firefly : NR]
2017-11-18 21:00:03,049 [INFO] - airtrap - dataHandler.py:24 - Este es todo el listado de busquedas: [Killjoys : NR]
2017-11-18 21:00:03,049 [INFO] - airtrap - dataHandler.py:24 - Este es todo el listado de busquedas: [Mindhunter : HD]
2017-11-18 21:00:03,050 [INFO] - airtrap - dataHandler.py:24 - Este es todo el listado de busquedas: [Code Black : HD]
2017-11-18 21:00:03,050 [INFO] - airtrap - dataHandler.py:24 - Este es todo el listado de busquedas: [Stranger Things : HD]
2017-11-18 21:00:03,051 [INFO] - airtrap - dataHandler.py:24 - Este es todo el listado de busquedas: [Transparent : HD]
2017-11-18 21:00:03,051 [INFO] - airtrap - dataHandler.py:24 - Este es todo el listado de busquedas: [Superstore : HD]
2017-11-18 21:00:03,052 [INFO] - airtrap - dataHandler.py:24 - Este es todo el listado de busquedas: [El Ministerio del Tiempo : HD]
2017-11-18 21:00:03,053 [INFO] - airtrap - dataHandler.py:24 - Este es todo el listado de busquedas: [The Americans : HD]
2017-11-18 21:00:03,053 [INFO] - airtrap - dataHandler.py:24 - Este es todo el listado de busquedas: [Liar : HD]
2017-11-18 21:00:03,054 [INFO] - airtrap - dataHandler.py:24 - Este es todo el listado de busquedas: [Halt and Catch Fire : HD]
2017-11-18 21:00:03,054 [INFO] - airtrap - dataHandler.py:24 - Este es todo el listado de busquedas: [The Middle : HD]
2017-11-18 21:00:03,055 [INFO] - airtrap - dataHandler.py:24 - Este es todo el listado de busquedas: [Crazy Ex-Girlfriend : HD]
2017-11-18 21:00:03,055 [INFO] - airtrap - dataHandler.py:24 - Este es todo el listado de busquedas: [The Gifted : NR]
2017-11-18 21:00:03,070 [INFO] - airtrap - dataHandler.py:24 - Este es todo el listado de busquedas: [Brooklyn Nine Nine : HD]
2017-11-18 21:00:03,070 [INFO] - airtrap - dataHandler.py:24 - Este es todo el listado de busquedas: [Modern Family : HD]
2017-11-18 21:00:03,071 [INFO] - airtrap - dataHandler.py:24 - Este es todo el listado de busquedas: [Inhumans : NR]
2017-11-18 21:00:03,071 [INFO] - airtrap - dataHandler.py:24 - Este es todo el listado de busquedas: [Star Trek Discovery : NR]
2017-11-18 21:00:03,072 [INFO] - airtrap - dataHandler.py:24 - Este es todo el listado de busquedas: [The Blacklist : HD]
2017-11-18 21:00:03,072 [INFO] - airtrap - dataHandler.py:24 - Este es todo el listado de busquedas: [New Girl : HD]
2017-11-18 21:00:03,073 [INFO] - airtrap - dataHandler.py:24 - Este es todo el listado de busquedas: [Star Wars Rebels : NR]
2017-11-18 21:00:03,073 [INFO] - airtrap - dataHandler.py:24 - Este es todo el listado de busquedas: [The Good Doctor : HD]
2017-11-18 21:00:03,074 [INFO] - airtrap - dataHandler.py:24 - Este es todo el listado de busquedas: [Kevin puede esperar : HD]
2017-11-18 21:00:03,074 [INFO] - airtrap - dataHandler.py:24 - Este es todo el listado de busquedas: [Riverdale : HD]
2017-11-18 21:00:03,075 [INFO] - airtrap - dataHandler.py:24 - Este es todo el listado de busquedas: [La Vida en Piezas : HD]
2017-11-18 21:00:03,075 [INFO] - airtrap - dataHandler.py:24 - Este es todo el listado de busquedas: [The Big Bang Theory : HD]
2017-11-18 21:00:03,076 [INFO] - airtrap - dataHandler.py:24 - Este es todo el listado de busquedas: [This Is Us : AL]
2017-11-18 21:00:03,078 [INFO] - airtrap - dataHandler.py:24 - Este es todo el listado de busquedas: [Black-ish : HD]
2017-11-18 21:00:03,079 [INFO] - airtrap - dataHandler.py:24 - Este es todo el listado de busquedas: [El Joven Sheldon : HD]
2017-11-18 21:00:03,082 [INFO] - airtrap - dataHandler.py:24 - Este es todo el listado de busquedas: [Mom : HD]
2017-11-18 21:00:03,083 [INFO] - airtrap - dataHandler.py:24 - Este es todo el listado de busquedas: [Punisher : HD]
2017-11-18 21:00:03,609 [INFO] - airtrap - airtrapHandler.py:129 - test False
2017-11-18 21:00:03,610 [INFO] - airtrap - torrentHandler.py:38 - Intentando conectar con : 85.53.90.10:1701
2017-11-18 21:00:03,648 [INFO] - transmissionrpc - client.py:209 - Server responded with 409, trying to set session-id.
2017-11-18 21:00:03,673 [INFO] - transmissionrpc - client.py:249 - http request took 0.056 s
2017-11-18 21:00:03,701 [INFO] - transmissionrpc - client.py:249 - http request took 0.024 s
2017-11-18 21:00:03,705 [INFO] - airtrap - airtrapHandler.py:140 - Buscamos Taken para NRS01E09 - NRS99E99
2017-11-18 21:00:19,806 [INFO] - airtrap - airtrapHandler.py:148 - 0 enlaces de title=Taken epstart=NRS01E09 epend=NRS99E99
2017-11-18 21:00:19,833 [INFO] - transmissionrpc - client.py:249 - http request took 0.026 s
2017-11-18 21:00:19,834 [INFO] - airtrap - airtrapHandler.py:140 - Buscamos Marvels Agents of S.H.I.E.L.D para NRS04E23 - NRS99E99
2017-11-18 21:00:36,922 [INFO] - airtrap - airtrapHandler.py:148 - 0 enlaces de title=Marvels Agents of S.H.I.E.L.D epstart=NRS04E23 epend=NRS99E99
2017-11-18 21:00:36,948 [INFO] - transmissionrpc - client.py:249 - http request took 0.025 s
2017-11-18 21:00:36,949 [INFO] - airtrap - airtrapHandler.py:140 - Buscamos El Tirador para NRS02E09 - NRS99E99
2017-11-18 21:00:53,436 [INFO] - airtrap - airtrapHandler.py:148 - 0 enlaces de title=El Tirador epstart=NRS02E09 epend=NRS99E99
2017-11-18 21:00:53,461 [INFO] - transmissionrpc - client.py:249 - http request took 0.025 s
2017-11-18 21:00:53,462 [INFO] - airtrap - airtrapHandler.py:140 - Buscamos The Defenders para HDS01E09 - HDS99E99
2017-11-18 21:01:09,242 [INFO] - airtrap - airtrapHandler.py:148 - 0 enlaces de title=The Defenders epstart=HDS01E09 epend=HDS99E99
2017-11-18 21:01:09,268 [INFO] - transmissionrpc - client.py:249 - http request took 0.026 s
2017-11-18 21:01:09,270 [INFO] - airtrap - airtrapHandler.py:140 - Buscamos Firefly para NRS02E00 - NRS99E99
2017-11-18 21:01:26,045 [INFO] - airtrap - airtrapHandler.py:148 - 0 enlaces de title=Firefly epstart=NRS02E00 epend=NRS99E99
2017-11-18 21:01:26,070 [INFO] - transmissionrpc - client.py:249 - http request took 0.024 s
2017-11-18 21:01:26,072 [INFO] - airtrap - airtrapHandler.py:140 - Buscamos Killjoys para NRS03E11 - NRS99E99
2017-11-18 21:01:42,508 [INFO] - airtrap - airtrapHandler.py:148 - 0 enlaces de title=Killjoys epstart=NRS03E11 epend=NRS99E99
2017-11-18 21:01:42,533 [INFO] - transmissionrpc - client.py:249 - http request took 0.025 s
2017-11-18 21:01:42,535 [INFO] - airtrap - airtrapHandler.py:140 - Buscamos Mindhunter para HDS01E02 - HDS99E99
2017-11-18 21:01:58,042 [INFO] - airtrap - airtrapHandler.py:148 - 0 enlaces de title=Mindhunter epstart=HDS01E02 epend=HDS99E99
2017-11-18 21:01:58,070 [INFO] - transmissionrpc - client.py:249 - http request took 0.028 s
2017-11-18 21:01:58,072 [INFO] - airtrap - airtrapHandler.py:140 - Buscamos Code Black para HDS02E17 - HDS99E99
2017-11-18 21:02:14,149 [INFO] - airtrap - airtrapHandler.py:148 - 0 enlaces de title=Code Black epstart=HDS02E17 epend=HDS99E99
2017-11-18 21:02:14,173 [INFO] - transmissionrpc - client.py:249 - http request took 0.023 s
2017-11-18 21:02:14,175 [INFO] - airtrap - airtrapHandler.py:140 - Buscamos Stranger Things para HDS02E10 - NRS99E99
2017-11-18 21:02:30,623 [INFO] - airtrap - airtrapHandler.py:148 - 0 enlaces de title=Stranger Things epstart=HDS02E10 epend=NRS99E99
2017-11-18 21:02:30,648 [INFO] - transmissionrpc - client.py:249 - http request took 0.024 s
2017-11-18 21:02:30,649 [INFO] - airtrap - airtrapHandler.py:140 - Buscamos Transparent para HDS04E11 - NRS99E99
2017-11-18 21:02:46,955 [INFO] - airtrap - airtrapHandler.py:148 - 0 enlaces de title=Transparent epstart=HDS04E11 epend=NRS99E99
2017-11-18 21:02:46,981 [INFO] - transmissionrpc - client.py:249 - http request took 0.025 s
2017-11-18 21:02:46,982 [INFO] - airtrap - airtrapHandler.py:140 - Buscamos Superstore para HDS02E22 - HDS99E99
2017-11-18 21:03:03,222 [INFO] - airtrap - airtrapHandler.py:148 - 0 enlaces de title=Superstore epstart=HDS02E22 epend=HDS99E99
2017-11-18 21:03:03,246 [INFO] - transmissionrpc - client.py:249 - http request took 0.023 s
2017-11-18 21:03:03,248 [INFO] - airtrap - airtrapHandler.py:140 - Buscamos El Ministerio del Tiempo para HDS03E14 - NRS99E99
2017-11-18 21:03:19,571 [INFO] - airtrap - airtrapHandler.py:148 - 0 enlaces de title=El Ministerio del Tiempo epstart=HDS03E14 epend=NRS99E99
2017-11-18 21:03:19,596 [INFO] - transmissionrpc - client.py:249 - http request took 0.024 s
2017-11-18 21:03:19,597 [INFO] - airtrap - airtrapHandler.py:140 - Buscamos The Americans para HDS06E00 - HDS99E99
2017-11-18 21:03:35,930 [INFO] - airtrap - airtrapHandler.py:148 - 0 enlaces de title=The Americans epstart=HDS06E00 epend=HDS99E99
2017-11-18 21:03:35,955 [INFO] - transmissionrpc - client.py:249 - http request took 0.024 s
2017-11-18 21:03:35,956 [INFO] - airtrap - airtrapHandler.py:140 - Buscamos Liar para HDS01E07 - HDS99E99
2017-11-18 21:03:51,759 [INFO] - airtrap - airtrapHandler.py:148 - 0 enlaces de title=Liar epstart=HDS01E07 epend=HDS99E99
2017-11-18 21:03:51,784 [INFO] - transmissionrpc - client.py:249 - http request took 0.024 s
2017-11-18 21:03:51,785 [INFO] - airtrap - airtrapHandler.py:140 - Buscamos Halt and Catch Fire para HDS04E11 - HDS99E99
2017-11-18 21:04:08,295 [INFO] - airtrap - airtrapHandler.py:148 - 0 enlaces de title=Halt and Catch Fire epstart=HDS04E11 epend=HDS99E99
2017-11-18 21:04:08,320 [INFO] - transmissionrpc - client.py:249 - http request took 0.024 s
2017-11-18 21:04:08,321 [INFO] - airtrap - airtrapHandler.py:140 - Buscamos The Middle para HDS09E05 - HDS99E99
2017-11-18 21:04:25,058 [INFO] - airtrap - airtrapHandler.py:148 - 0 enlaces de title=The Middle epstart=HDS09E05 epend=HDS99E99
2017-11-18 21:04:25,090 [INFO] - transmissionrpc - client.py:249 - http request took 0.030 s
2017-11-18 21:04:25,092 [INFO] - airtrap - airtrapHandler.py:140 - Buscamos Crazy Ex-Girlfriend para HDS02E06 - HDS99E99
2017-11-18 21:04:41,175 [INFO] - airtrap - airtrapHandler.py:148 - 0 enlaces de title=Crazy Ex-Girlfriend epstart=HDS02E06 epend=HDS99E99
2017-11-18 21:04:41,201 [INFO] - transmissionrpc - client.py:249 - http request took 0.025 s
2017-11-18 21:04:41,202 [INFO] - airtrap - airtrapHandler.py:140 - Buscamos The Gifted para NRS01E07 - NRS99E99
2017-11-18 21:04:57,347 [INFO] - airtrap - airtrapHandler.py:148 - 0 enlaces de title=The Gifted epstart=NRS01E07 epend=NRS99E99
2017-11-18 21:04:57,372 [INFO] - transmissionrpc - client.py:249 - http request took 0.024 s
2017-11-18 21:04:57,373 [INFO] - airtrap - airtrapHandler.py:140 - Buscamos Brooklyn Nine Nine para HDS04E21 - NRS99E99
2017-11-18 21:05:13,819 [INFO] - airtrap - airtrapHandler.py:148 - 0 enlaces de title=Brooklyn Nine Nine epstart=HDS04E21 epend=NRS99E99
2017-11-18 21:05:13,844 [INFO] - transmissionrpc - client.py:249 - http request took 0.024 s
2017-11-18 21:05:13,845 [INFO] - airtrap - airtrapHandler.py:140 - Buscamos Modern Family para HDS09E06 - HDS99E99
2017-11-18 21:05:30,035 [INFO] - airtrap - airtrapHandler.py:148 - 0 enlaces de title=Modern Family epstart=HDS09E06 epend=HDS99E99
2017-11-18 21:05:30,060 [INFO] - transmissionrpc - client.py:249 - http request took 0.024 s
2017-11-18 21:05:30,061 [INFO] - airtrap - airtrapHandler.py:140 - Buscamos Inhumans para NRS01E09 - NRS99E99
2017-11-18 21:05:46,156 [INFO] - airtrap - airtrapHandler.py:148 - 0 enlaces de title=Inhumans epstart=NRS01E09 epend=NRS99E99
2017-11-18 21:05:46,182 [INFO] - transmissionrpc - client.py:249 - http request took 0.025 s
2017-11-18 21:05:46,183 [INFO] - airtrap - airtrapHandler.py:140 - Buscamos Star Trek Discovery para NRS01E10 - NRS99E99
2017-11-18 21:06:02,531 [INFO] - airtrap - airtrapHandler.py:148 - 0 enlaces de title=Star Trek Discovery epstart=NRS01E10 epend=NRS99E99
2017-11-18 21:06:02,554 [INFO] - transmissionrpc - client.py:249 - http request took 0.023 s
2017-11-18 21:06:02,555 [INFO] - airtrap - airtrapHandler.py:140 - Buscamos The Blacklist para HDS05E06 - NRS99E99
2017-11-18 21:06:18,818 [INFO] - airtrap - airtrapHandler.py:148 - 0 enlaces de title=The Blacklist epstart=HDS05E06 epend=NRS99E99
2017-11-18 21:06:18,842 [INFO] - transmissionrpc - client.py:249 - http request took 0.023 s
2017-11-18 21:06:18,844 [INFO] - airtrap - airtrapHandler.py:140 - Buscamos New Girl para HDS06E15 - NRS99E99
2017-11-18 21:06:35,101 [INFO] - airtrap - airtrapHandler.py:148 - 0 enlaces de title=New Girl epstart=HDS06E15 epend=NRS99E99
2017-11-18 21:06:35,125 [INFO] - transmissionrpc - client.py:249 - http request took 0.024 s
2017-11-18 21:06:35,126 [INFO] - airtrap - airtrapHandler.py:140 - Buscamos Star Wars Rebels para NRS04E06 - NRS99E99
2017-11-18 21:06:51,784 [INFO] - airtrap - airtrapHandler.py:148 - 0 enlaces de title=Star Wars Rebels epstart=NRS04E06 epend=NRS99E99
2017-11-18 21:06:51,809 [INFO] - transmissionrpc - client.py:249 - http request took 0.025 s
2017-11-18 21:06:51,810 [INFO] - airtrap - airtrapHandler.py:140 - Buscamos The Good Doctor para HDS01E06 - HDS99E99
2017-11-18 21:07:07,846 [INFO] - airtrap - airtrapHandler.py:148 - 0 enlaces de title=The Good Doctor epstart=HDS01E06 epend=HDS99E99
2017-11-18 21:07:07,871 [INFO] - transmissionrpc - client.py:249 - http request took 0.024 s
2017-11-18 21:07:07,872 [INFO] - airtrap - airtrapHandler.py:140 - Buscamos Kevin puede esperar para HDS02E05 - HDS99E99
2017-11-18 21:07:23,920 [INFO] - airtrap - airtrapHandler.py:148 - 0 enlaces de title=Kevin puede esperar epstart=HDS02E05 epend=HDS99E99
2017-11-18 21:07:23,945 [INFO] - transmissionrpc - client.py:249 - http request took 0.025 s
2017-11-18 21:07:23,947 [INFO] - airtrap - airtrapHandler.py:140 - Buscamos Riverdale para HDS02E07 - HDS99E99
2017-11-18 21:07:40,042 [INFO] - airtrap - airtrapHandler.py:148 - 0 enlaces de title=Riverdale epstart=HDS02E07 epend=HDS99E99
2017-11-18 21:07:40,068 [INFO] - transmissionrpc - client.py:249 - http request took 0.026 s
2017-11-18 21:07:40,069 [INFO] - airtrap - airtrapHandler.py:140 - Buscamos La Vida en Piezas para HDS02E16 - HDS99E99
2017-11-18 21:07:56,492 [INFO] - airtrap - airtrapHandler.py:148 - 0 enlaces de title=La Vida en Piezas epstart=HDS02E16 epend=HDS99E99
2017-11-18 21:07:56,518 [INFO] - transmissionrpc - client.py:249 - http request took 0.025 s
2017-11-18 21:07:56,520 [INFO] - airtrap - airtrapHandler.py:140 - Buscamos The Big Bang Theory para HDS11E08 - NRS99E99
2017-11-18 21:08:12,945 [INFO] - airtrap - airtrapHandler.py:148 - 0 enlaces de title=The Big Bang Theory epstart=HDS11E08 epend=NRS99E99
2017-11-18 21:08:12,970 [INFO] - transmissionrpc - client.py:249 - http request took 0.024 s
2017-11-18 21:08:12,972 [INFO] - airtrap - airtrapHandler.py:140 - Buscamos This Is Us para ALS02E08 - ALS99E99
2017-11-18 21:08:33,176 [INFO] - airtrap - airtrapHandler.py:148 - 0 enlaces de title=This Is Us epstart=ALS02E08 epend=ALS99E99
2017-11-18 21:08:33,202 [INFO] - transmissionrpc - client.py:249 - http request took 0.026 s
2017-11-18 21:08:33,204 [INFO] - airtrap - airtrapHandler.py:140 - Buscamos Black-ish para HDS03E23 - HDS99E99
2017-11-18 21:09:01,960 [INFO] - airtrap - airtrapHandler.py:148 - 1 enlaces de title=Black-ish epstart=HDS03E23 epend=HDS99E99
2017-11-18 21:09:01,990 [INFO] - transmissionrpc - client.py:249 - http request took 0.028 s
2017-11-18 21:09:02,018 [INFO] - transmissionrpc - client.py:249 - http request took 0.026 s
2017-11-18 21:09:02,019 [ERROR] - airtrap - torrentHandler.py:111 - Failed to add torrent "Query failed with result "invalid or corrupt torrent file"."
2017-11-18 21:09:02,020 [INFO] - airtrap - airtrapHandler.py:140 - Buscamos El Joven Sheldon para HDS01E04 - HDS99E99
2017-11-18 21:09:17,751 [INFO] - airtrap - airtrapHandler.py:148 - 0 enlaces de title=El Joven Sheldon epstart=HDS01E04 epend=HDS99E99
2017-11-18 21:09:17,806 [INFO] - transmissionrpc - client.py:249 - http request took 0.055 s
2017-11-18 21:09:17,807 [INFO] - airtrap - airtrapHandler.py:140 - Buscamos Mom para HDS05E02 - HDS99E99
2017-11-18 21:09:33,862 [INFO] - airtrap - airtrapHandler.py:148 - 0 enlaces de title=Mom epstart=HDS05E02 epend=HDS99E99
2017-11-18 21:09:33,888 [INFO] - transmissionrpc - client.py:249 - http request took 0.025 s
2017-11-18 21:09:33,889 [INFO] - airtrap - airtrapHandler.py:140 - Buscamos Punisher para HDS01E13 - HDS99E99
2017-11-18 21:09:51,272 [INFO] - airtrap - airtrapHandler.py:148 - 0 enlaces de title=Punisher epstart=HDS01E13 epend=HDS99E99
2017-11-18 21:09:51,296 [INFO] - transmissionrpc - client.py:249 - http request took 0.023 s
2017-11-18 21:09:51,297 [INFO] - airtrap - airtrapHandler.py:87 - CALL to organize(/media/alt_b/series,/media/alt_b/mirror/)
2017-11-18 21:09:51,900 [INFO] - airtrap - telegramHandler.py:112 - token=135486382:AAFb4fhTGDfy42FzO77HAoxPD6F0PLBGx2Y, parse_mode=markdown, usernames=[], fullnames=[(u'David', u'Perez Millan')], groups=[]
2017-11-18 21:09:52,452 [INFO] - airtrap - telegramHandler.py:147 - sending msg to telegram servers: Que pena no tenemos nada que enviar .....
2017-11-19 08:00:02,785 [INFO] - airtrap - dataHandler.py:24 - Este es todo el listado de busquedas: [Taken : NR]
2017-11-19 08:00:02,788 [INFO] - airtrap - dataHandler.py:24 - Este es todo el listado de busquedas: [Marvels Agents of S.H.I.E.L.D : NR]
2017-11-19 08:00:02,788 [INFO] - airtrap - dataHandler.py:24 - Este es todo el listado de busquedas: [El Tirador : NR]
2017-11-19 08:00:02,789 [INFO] - airtrap - dataHandler.py:24 - Este es todo el listado de busquedas: [The Defenders : HD]
2017-11-19 08:00:02,789 [INFO] - airtrap - dataHandler.py:24 - Este es todo el listado de busquedas: [Firefly : NR]
2017-11-19 08:00:02,790 [INFO] - airtrap - dataHandler.py:24 - Este es todo el listado de busquedas: [Killjoys : NR]
2017-11-19 08:00:02,790 [INFO] - airtrap - dataHandler.py:24 - Este es todo el listado de busquedas: [Mindhunter : HD]
2017-11-19 08:00:02,791 [INFO] - airtrap - dataHandler.py:24 - Este es todo el listado de busquedas: [Code Black : HD]
2017-11-19 08:00:02,791 [INFO] - airtrap - dataHandler.py:24 - Este es todo el listado de busquedas: [Stranger Things : HD]
2017-11-19 08:00:02,792 [INFO] - airtrap - dataHandler.py:24 - Este es todo el listado de busquedas: [Transparent : HD]
2017-11-19 08:00:02,792 [INFO] - airtrap - dataHandler.py:24 - Este es todo el listado de busquedas: [Superstore : HD]
2017-11-19 08:00:02,793 [INFO] - airtrap - dataHandler.py:24 - Este es todo el listado de busquedas: [El Ministerio del Tiempo : HD]
2017-11-19 08:00:02,793 [INFO] - airtrap - dataHandler.py:24 - Este es todo el listado de busquedas: [The Americans : HD]
2017-11-19 08:00:02,793 [INFO] - airtrap - dataHandler.py:24 - Este es todo el listado de busquedas: [Liar : HD]
2017-11-19 08:00:02,794 [INFO] - airtrap - dataHandler.py:24 - Este es todo el listado de busquedas: [Halt and Catch Fire : HD]
2017-11-19 08:00:02,794 [INFO] - airtrap - dataHandler.py:24 - Este es todo el listado de busquedas: [The Middle : HD]
2017-11-19 08:00:02,795 [INFO] - airtrap - dataHandler.py:24 - Este es todo el listado de busquedas: [Crazy Ex-Girlfriend : HD]
2017-11-19 08:00:02,795 [INFO] - airtrap - dataHandler.py:24 - Este es todo el listado de busquedas: [The Gifted : NR]
2017-11-19 08:00:02,796 [INFO] - airtrap - dataHandler.py:24 - Este es todo el listado de busquedas: [Brooklyn Nine Nine : HD]
2017-11-19 08:00:02,796 [INFO] - airtrap - dataHandler.py:24 - Este es todo el listado de busquedas: [Modern Family : HD]
2017-11-19 08:00:02,797 [INFO] - airtrap - dataHandler.py:24 - Este es todo el listado de busquedas: [Inhumans : NR]
2017-11-19 08:00:02,797 [INFO] - airtrap - dataHandler.py:24 - Este es todo el listado de busquedas: [Star Trek Discovery : NR]
2017-11-19 08:00:02,798 [INFO] - airtrap - dataHandler.py:24 - Este es todo el listado de busquedas: [The Blacklist : HD]
2017-11-19 08:00:02,798 [INFO] - airtrap - dataHandler.py:24 - Este es todo el listado de busquedas: [New Girl : HD]
2017-11-19 08:00:02,799 [INFO] - airtrap - dataHandler.py:24 - Este es todo el listado de busquedas: [Star Wars Rebels : NR]
2017-11-19 08:00:02,799 [INFO] - airtrap - dataHandler.py:24 - Este es todo el listado de busquedas: [The Good Doctor : HD]
2017-11-19 08:00:02,799 [INFO] - airtrap - dataHandler.py:24 - Este es todo el listado de busquedas: [Kevin puede esperar : HD]
2017-11-19 08:00:02,800 [INFO] - airtrap - dataHandler.py:24 - Este es todo el listado de busquedas: [Riverdale : HD]
2017-11-19 08:00:02,800 [INFO] - airtrap - dataHandler.py:24 - Este es todo el listado de busquedas: [La Vida en Piezas : HD]
2017-11-19 08:00:02,801 [INFO] - airtrap - dataHandler.py:24 - Este es todo el listado de busquedas: [The Big Bang Theory : HD]
2017-11-19 08:00:02,801 [INFO] - airtrap - dataHandler.py:24 - Este es todo el listado de busquedas: [This Is Us : AL]
2017-11-19 08:00:02,802 [INFO] - airtrap - dataHandler.py:24 - Este es todo el listado de busquedas: [Black-ish : HD]
2017-11-19 08:00:02,802 [INFO] - airtrap - dataHandler.py:24 - Este es todo el listado de busquedas: [El Joven Sheldon : HD]
2017-11-19 08:00:02,803 [INFO] - airtrap - dataHandler.py:24 - Este es todo el listado de busquedas: [Mom : HD]
2017-11-19 08:00:02,803 [INFO] - airtrap - dataHandler.py:24 - Este es todo el listado de busquedas: [Punisher : HD]
2017-11-19 08:00:03,017 [INFO] - airtrap - airtrapHandler.py:129 - test False
2017-11-19 08:00:03,018 [INFO] - airtrap - torrentHandler.py:38 - Intentando conectar con : 85.53.90.10:1701
2017-11-19 08:00:03,057 [INFO] - transmissionrpc - client.py:209 - Server responded with 409, trying to set session-id.
2017-11-19 08:00:03,082 [INFO] - transmissionrpc - client.py:249 - http request took 0.058 s
2017-11-19 08:00:03,110 [INFO] - transmissionrpc - client.py:249 - http request took 0.024 s
2017-11-19 08:00:03,114 [INFO] - airtrap - airtrapHandler.py:140 - Buscamos Taken para NRS01E09 - NRS99E99
2017-11-19 08:00:19,790 [INFO] - airtrap - airtrapHandler.py:148 - 0 enlaces de title=Taken epstart=NRS01E09 epend=NRS99E99
2017-11-19 08:00:19,817 [INFO] - transmissionrpc - client.py:249 - http request took 0.026 s
2017-11-19 08:00:19,819 [INFO] - airtrap - airtrapHandler.py:140 - Buscamos Marvels Agents of S.H.I.E.L.D para NRS04E23 - NRS99E99
2017-11-19 08:00:36,430 [INFO] - airtrap - airtrapHandler.py:148 - 0 enlaces de title=Marvels Agents of S.H.I.E.L.D epstart=NRS04E23 epend=NRS99E99
2017-11-19 08:00:36,475 [INFO] - transmissionrpc - client.py:249 - http request took 0.045 s
2017-11-19 08:00:36,477 [INFO] - airtrap - airtrapHandler.py:140 - Buscamos El Tirador para NRS02E09 - NRS99E99
2017-11-19 08:00:53,015 [INFO] - airtrap - airtrapHandler.py:148 - 0 enlaces de title=El Tirador epstart=NRS02E09 epend=NRS99E99
2017-11-19 08:00:53,043 [INFO] - transmissionrpc - client.py:249 - http request took 0.027 s
2017-11-19 08:00:53,044 [INFO] - airtrap - airtrapHandler.py:140 - Buscamos The Defenders para HDS01E09 - HDS99E99
2017-11-19 08:01:08,911 [INFO] - airtrap - airtrapHandler.py:148 - 0 enlaces de title=The Defenders epstart=HDS01E09 epend=HDS99E99
2017-11-19 08:01:08,936 [INFO] - transmissionrpc - client.py:249 - http request took 0.024 s
2017-11-19 08:01:08,937 [INFO] - airtrap - airtrapHandler.py:140 - Buscamos Firefly para NRS02E00 - NRS99E99
2017-11-19 08:01:25,282 [INFO] - airtrap - airtrapHandler.py:148 - 0 enlaces de title=Firefly epstart=NRS02E00 epend=NRS99E99
2017-11-19 08:01:25,307 [INFO] - transmissionrpc - client.py:249 - http request took 0.024 s
2017-11-19 08:01:25,308 [INFO] - airtrap - airtrapHandler.py:140 - Buscamos Killjoys para NRS03E11 - NRS99E99
2017-11-19 08:01:41,735 [INFO] - airtrap - airtrapHandler.py:148 - 0 enlaces de title=Killjoys epstart=NRS03E11 epend=NRS99E99
2017-11-19 08:01:41,760 [INFO] - transmissionrpc - client.py:249 - http request took 0.024 s
2017-11-19 08:01:41,762 [INFO] - airtrap - airtrapHandler.py:140 - Buscamos Mindhunter para HDS01E02 - HDS99E99
2017-11-19 08:01:57,385 [INFO] - airtrap - airtrapHandler.py:148 - 0 enlaces de title=Mindhunter epstart=HDS01E02 epend=HDS99E99
2017-11-19 08:01:57,412 [INFO] - transmissionrpc - client.py:249 - http request took 0.026 s
2017-11-19 08:01:57,413 [INFO] - airtrap - airtrapHandler.py:140 - Buscamos Code Black para HDS02E17 - HDS99E99
2017-11-19 08:02:13,665 [INFO] - airtrap - airtrapHandler.py:148 - 0 enlaces de title=Code Black epstart=HDS02E17 epend=HDS99E99
2017-11-19 08:02:13,692 [INFO] - transmissionrpc - client.py:249 - http request took 0.026 s
2017-11-19 08:02:13,693 [INFO] - airtrap - airtrapHandler.py:140 - Buscamos Stranger Things para HDS02E10 - NRS99E99
2017-11-19 08:02:30,390 [INFO] - airtrap - airtrapHandler.py:148 - 0 enlaces de title=Stranger Things epstart=HDS02E10 epend=NRS99E99
2017-11-19 08:02:30,414 [INFO] - transmissionrpc - client.py:249 - http request took 0.024 s
2017-11-19 08:02:30,415 [INFO] - airtrap - airtrapHandler.py:140 - Buscamos Transparent para HDS04E11 - NRS99E99
2017-11-19 08:02:47,053 [INFO] - airtrap - airtrapHandler.py:148 - 0 enlaces de title=Transparent epstart=HDS04E11 epend=NRS99E99
2017-11-19 08:02:47,080 [INFO] - transmissionrpc - client.py:249 - http request took 0.026 s
2017-11-19 08:02:47,081 [INFO] - airtrap - airtrapHandler.py:140 - Buscamos Superstore para HDS02E22 - HDS99E99
2017-11-19 08:03:03,511 [INFO] - airtrap - airtrapHandler.py:148 - 0 enlaces de title=Superstore epstart=HDS02E22 epend=HDS99E99
2017-11-19 08:03:03,537 [INFO] - transmissionrpc - client.py:249 - http request took 0.025 s
2017-11-19 08:03:03,538 [INFO] - airtrap - airtrapHandler.py:140 - Buscamos El Ministerio del Tiempo para HDS03E14 - NRS99E99
2017-11-19 08:03:19,895 [INFO] - airtrap - airtrapHandler.py:148 - 0 enlaces de title=El Ministerio del Tiempo epstart=HDS03E14 epend=NRS99E99
2017-11-19 08:03:19,920 [INFO] - transmissionrpc - client.py:249 - http request took 0.025 s
2017-11-19 08:03:19,921 [INFO] - airtrap - airtrapHandler.py:140 - Buscamos The Americans para HDS06E00 - HDS99E99
2017-11-19 08:03:36,450 [INFO] - airtrap - airtrapHandler.py:148 - 0 enlaces de title=The Americans epstart=HDS06E00 epend=HDS99E99
2017-11-19 08:03:36,488 [INFO] - transmissionrpc - client.py:249 - http request took 0.038 s
2017-11-19 08:03:36,490 [INFO] - airtrap - airtrapHandler.py:140 - Buscamos Liar para HDS01E07 - HDS99E99
2017-11-19 08:03:52,423 [INFO] - airtrap - airtrapHandler.py:148 - 0 enlaces de title=Liar epstart=HDS01E07 epend=HDS99E99
2017-11-19 08:03:52,448 [INFO] - transmissionrpc - client.py:249 - http request took 0.025 s
2017-11-19 08:03:52,449 [INFO] - airtrap - airtrapHandler.py:140 - Buscamos Halt and Catch Fire para HDS04E11 - HDS99E99
2017-11-19 08:04:09,091 [INFO] - airtrap - airtrapHandler.py:148 - 0 enlaces de title=Halt and Catch Fire epstart=HDS04E11 epend=HDS99E99
2017-11-19 08:04:09,117 [INFO] - transmissionrpc - client.py:249 - http request took 0.025 s
2017-11-19 08:04:09,118 [INFO] - airtrap - airtrapHandler.py:140 - Buscamos The Middle para HDS09E05 - HDS99E99
2017-11-19 08:04:25,398 [INFO] - airtrap - airtrapHandler.py:148 - 0 enlaces de title=The Middle epstart=HDS09E05 epend=HDS99E99
2017-11-19 08:04:25,423 [INFO] - transmissionrpc - client.py:249 - http request took 0.024 s
2017-11-19 08:04:25,425 [INFO] - airtrap - airtrapHandler.py:140 - Buscamos Crazy Ex-Girlfriend para HDS02E06 - HDS99E99
2017-11-19 08:04:41,612 [INFO] - airtrap - airtrapHandler.py:148 - 0 enlaces de title=Crazy Ex-Girlfriend epstart=HDS02E06 epend=HDS99E99
2017-11-19 08:04:41,641 [INFO] - transmissionrpc - client.py:249 - http request took 0.028 s
2017-11-19 08:04:41,642 [INFO] - airtrap - airtrapHandler.py:140 - Buscamos The Gifted para NRS01E07 - NRS99E99
2017-11-19 08:04:57,952 [INFO] - airtrap - airtrapHandler.py:148 - 0 enlaces de title=The Gifted epstart=NRS01E07 epend=NRS99E99
2017-11-19 08:04:57,978 [INFO] - transmissionrpc - client.py:249 - http request took 0.025 s
2017-11-19 08:04:57,979 [INFO] - airtrap - airtrapHandler.py:140 - Buscamos Brooklyn Nine Nine para HDS04E21 - NRS99E99
2017-11-19 08:05:14,508 [INFO] - airtrap - airtrapHandler.py:148 - 0 enlaces de title=Brooklyn Nine Nine epstart=HDS04E21 epend=NRS99E99
2017-11-19 08:05:14,533 [INFO] - transmissionrpc - client.py:249 - http request took 0.025 s
2017-11-19 08:05:14,535 [INFO] - airtrap - airtrapHandler.py:140 - Buscamos Modern Family para HDS09E06 - HDS99E99
2017-11-19 08:05:30,850 [INFO] - airtrap - airtrapHandler.py:148 - 0 enlaces de title=Modern Family epstart=HDS09E06 epend=HDS99E99
2017-11-19 08:05:30,875 [INFO] - transmissionrpc - client.py:249 - http request took 0.025 s
2017-11-19 08:05:30,876 [INFO] - airtrap - airtrapHandler.py:140 - Buscamos Inhumans para NRS01E09 - NRS99E99
2017-11-19 08:05:47,697 [INFO] - airtrap - airtrapHandler.py:148 - 0 enlaces de title=Inhumans epstart=NRS01E09 epend=NRS99E99
2017-11-19 08:05:47,721 [INFO] - transmissionrpc - client.py:249 - http request took 0.024 s
2017-11-19 08:05:47,723 [INFO] - airtrap - airtrapHandler.py:140 - Buscamos Star Trek Discovery para NRS01E10 - NRS99E99
2017-11-19 08:06:04,445 [INFO] - airtrap - airtrapHandler.py:148 - 0 enlaces de title=Star Trek Discovery epstart=NRS01E10 epend=NRS99E99
2017-11-19 08:06:04,471 [INFO] - transmissionrpc - client.py:249 - http request took 0.025 s
2017-11-19 08:06:04,472 [INFO] - airtrap - airtrapHandler.py:140 - Buscamos The Blacklist para HDS05E06 - NRS99E99
2017-11-19 08:06:20,916 [INFO] - airtrap - airtrapHandler.py:148 - 0 enlaces de title=The Blacklist epstart=HDS05E06 epend=NRS99E99
2017-11-19 08:06:20,943 [INFO] - transmissionrpc - client.py:249 - http request took 0.026 s
2017-11-19 08:06:20,944 [INFO] - airtrap - airtrapHandler.py:140 - Buscamos New Girl para HDS06E15 - NRS99E99
2017-11-19 08:06:37,357 [INFO] - airtrap - airtrapHandler.py:148 - 0 enlaces de title=New Girl epstart=HDS06E15 epend=NRS99E99
2017-11-19 08:06:37,384 [INFO] - transmissionrpc - client.py:249 - http request took 0.026 s
2017-11-19 08:06:37,385 [INFO] - airtrap - airtrapHandler.py:140 - Buscamos Star Wars Rebels para NRS04E06 - NRS99E99
2017-11-19 08:06:53,682 [INFO] - airtrap - airtrapHandler.py:148 - 0 enlaces de title=Star Wars Rebels epstart=NRS04E06 epend=NRS99E99
2017-11-19 08:06:53,708 [INFO] - transmissionrpc - client.py:249 - http request took 0.025 s
2017-11-19 08:06:53,709 [INFO] - airtrap - airtrapHandler.py:140 - Buscamos The Good Doctor para HDS01E06 - HDS99E99
2017-11-19 08:07:09,704 [INFO] - airtrap - airtrapHandler.py:148 - 0 enlaces de title=The Good Doctor epstart=HDS01E06 epend=HDS99E99
2017-11-19 08:07:09,730 [INFO] - transmissionrpc - client.py:249 - http request took 0.025 s
2017-11-19 08:07:09,731 [INFO] - airtrap - airtrapHandler.py:140 - Buscamos Kevin puede esperar para HDS02E05 - HDS99E99
2017-11-19 08:07:25,895 [INFO] - airtrap - airtrapHandler.py:148 - 0 enlaces de title=Kevin puede esperar epstart=HDS02E05 epend=HDS99E99
2017-11-19 08:07:25,921 [INFO] - transmissionrpc - client.py:249 - http request took 0.025 s
2017-11-19 08:07:25,922 [INFO] - airtrap - airtrapHandler.py:140 - Buscamos Riverdale para HDS02E07 - HDS99E99
2017-11-19 08:07:42,806 [INFO] - airtrap - airtrapHandler.py:148 - 0 enlaces de title=Riverdale epstart=HDS02E07 epend=HDS99E99
2017-11-19 08:07:42,837 [INFO] - transmissionrpc - client.py:249 - http request took 0.031 s
2017-11-19 08:07:42,840 [INFO] - airtrap - airtrapHandler.py:140 - Buscamos La Vida en Piezas para HDS02E16 - HDS99E99
2017-11-19 08:07:59,511 [INFO] - airtrap - airtrapHandler.py:148 - 0 enlaces de title=La Vida en Piezas epstart=HDS02E16 epend=HDS99E99
2017-11-19 08:07:59,537 [INFO] - transmissionrpc - client.py:249 - http request took 0.024 s
2017-11-19 08:07:59,538 [INFO] - airtrap - airtrapHandler.py:140 - Buscamos The Big Bang Theory para HDS11E08 - NRS99E99
2017-11-19 08:08:16,103 [INFO] - airtrap - airtrapHandler.py:148 - 0 enlaces de title=The Big Bang Theory epstart=HDS11E08 epend=NRS99E99
2017-11-19 08:08:16,128 [INFO] - transmissionrpc - client.py:249 - http request took 0.024 s
2017-11-19 08:08:16,129 [INFO] - airtrap - airtrapHandler.py:140 - Buscamos This Is Us para ALS02E08 - ALS99E99
2017-11-19 08:08:35,775 [INFO] - airtrap - airtrapHandler.py:148 - 0 enlaces de title=This Is Us epstart=ALS02E08 epend=ALS99E99
2017-11-19 08:08:35,800 [INFO] - transmissionrpc - client.py:249 - http request took 0.024 s
2017-11-19 08:08:35,801 [INFO] - airtrap - airtrapHandler.py:140 - Buscamos Black-ish para HDS03E23 - HDS99E99
2017-11-19 08:09:04,801 [INFO] - airtrap - airtrapHandler.py:148 - 1 enlaces de title=Black-ish epstart=HDS03E23 epend=HDS99E99
2017-11-19 08:09:04,826 [INFO] - transmissionrpc - client.py:249 - http request took 0.024 s
2017-11-19 08:09:04,852 [INFO] - transmissionrpc - client.py:249 - http request took 0.024 s
2017-11-19 08:09:04,853 [ERROR] - airtrap - torrentHandler.py:111 - Failed to add torrent "Query failed with result "invalid or corrupt torrent file"."
2017-11-19 08:09:04,854 [INFO] - airtrap - airtrapHandler.py:140 - Buscamos El Joven Sheldon para HDS01E04 - HDS99E99
2017-11-19 08:09:20,608 [INFO] - airtrap - airtrapHandler.py:148 - 0 enlaces de title=El Joven Sheldon epstart=HDS01E04 epend=HDS99E99
2017-11-19 08:09:20,638 [INFO] - transmissionrpc - client.py:249 - http request took 0.030 s
2017-11-19 08:09:20,640 [INFO] - airtrap - airtrapHandler.py:140 - Buscamos Mom para HDS05E02 - HDS99E99
2017-11-19 08:09:36,820 [INFO] - airtrap - airtrapHandler.py:148 - 0 enlaces de title=Mom epstart=HDS05E02 epend=HDS99E99
2017-11-19 08:09:36,844 [INFO] - transmissionrpc - client.py:249 - http request took 0.024 s
2017-11-19 08:09:36,846 [INFO] - airtrap - airtrapHandler.py:140 - Buscamos Punisher para HDS01E13 - HDS99E99
2017-11-19 08:09:52,962 [INFO] - airtrap - airtrapHandler.py:148 - 0 enlaces de title=Punisher epstart=HDS01E13 epend=HDS99E99
2017-11-19 08:09:52,987 [INFO] - transmissionrpc - client.py:249 - http request took 0.025 s
2017-11-19 08:09:52,989 [INFO] - airtrap - airtrapHandler.py:87 - CALL to organize(/media/alt_b/series,/media/alt_b/mirror/)
2017-11-19 08:09:53,552 [INFO] - airtrap - telegramHandler.py:112 - token=135486382:AAFb4fhTGDfy42FzO77HAoxPD6F0PLBGx2Y, parse_mode=markdown, usernames=[], fullnames=[(u'David', u'Perez Millan')], groups=[]
2017-11-19 08:09:53,810 [INFO] - airtrap - telegramHandler.py:147 - sending msg to telegram servers: Que pena no tenemos nada que enviar .....
