2017-11-03 08:39:31,710 [INFO] - airtrap - dataHandler.py:24 - Este es todo el listado de busquedas: [Taken : NR]
2017-11-03 08:39:31,711 [INFO] - airtrap - dataHandler.py:24 - Este es todo el listado de busquedas: [Marvels Agents of S.H.I.E.L.D : NR]
2017-11-03 08:39:31,711 [INFO] - airtrap - dataHandler.py:24 - Este es todo el listado de busquedas: [El Tirador : NR]
2017-11-03 08:39:31,712 [INFO] - airtrap - dataHandler.py:24 - Este es todo el listado de busquedas: [The Defenders : HD]
2017-11-03 08:39:31,712 [INFO] - airtrap - dataHandler.py:24 - Este es todo el listado de busquedas: [Firefly : NR]
2017-11-03 08:39:31,713 [INFO] - airtrap - dataHandler.py:24 - Este es todo el listado de busquedas: [Killjoys : NR]
2017-11-03 08:39:31,713 [INFO] - airtrap - dataHandler.py:24 - Este es todo el listado de busquedas: [Mindhunter : HD]
2017-11-03 08:39:31,713 [INFO] - airtrap - dataHandler.py:24 - Este es todo el listado de busquedas: [Code Black : HD]
2017-11-03 08:39:31,714 [INFO] - airtrap - dataHandler.py:24 - Este es todo el listado de busquedas: [Brooklyn Nine Nine : HD]
2017-11-03 08:39:31,714 [INFO] - airtrap - dataHandler.py:24 - Este es todo el listado de busquedas: [La Vida en Piezas : HD]
2017-11-03 08:39:31,715 [INFO] - airtrap - dataHandler.py:24 - Este es todo el listado de busquedas: [Halt and Catch Fire : HD]
2017-11-03 08:39:31,715 [INFO] - airtrap - dataHandler.py:24 - Este es todo el listado de busquedas: [Inteligencia Colectiva : HD]
2017-11-03 08:39:31,716 [INFO] - airtrap - dataHandler.py:24 - Este es todo el listado de busquedas: [Stranger Things : HD]
2017-11-03 08:39:31,716 [INFO] - airtrap - dataHandler.py:24 - Este es todo el listado de busquedas: [The Good Place : HD]
2017-11-03 08:39:31,717 [INFO] - airtrap - dataHandler.py:24 - Este es todo el listado de busquedas: [Transparent : HD]
2017-11-03 08:39:31,717 [INFO] - airtrap - dataHandler.py:24 - Este es todo el listado de busquedas: [Superstore : HD]
2017-11-03 08:39:31,717 [INFO] - airtrap - dataHandler.py:24 - Este es todo el listado de busquedas: [Inhumans : NR]
2017-11-03 08:39:31,718 [INFO] - airtrap - dataHandler.py:24 - Este es todo el listado de busquedas: [Modern Family : HD]
2017-11-03 08:39:31,718 [INFO] - airtrap - dataHandler.py:24 - Este es todo el listado de busquedas: [The Blacklist : HD]
2017-11-03 08:39:31,719 [INFO] - airtrap - dataHandler.py:24 - Este es todo el listado de busquedas: [Star Trek Discovery : NR]
2017-11-03 08:39:31,719 [INFO] - airtrap - dataHandler.py:24 - Este es todo el listado de busquedas: [The Middle : HD]
2017-11-03 08:39:31,720 [INFO] - airtrap - dataHandler.py:24 - Este es todo el listado de busquedas: [New Girl : HD]
2017-11-03 08:39:31,720 [INFO] - airtrap - dataHandler.py:24 - Este es todo el listado de busquedas: [The Big Bang Theory : HD]
2017-11-03 08:39:31,721 [INFO] - airtrap - dataHandler.py:24 - Este es todo el listado de busquedas: [The Gifted : NR]
2017-11-03 08:39:31,721 [INFO] - airtrap - dataHandler.py:24 - Este es todo el listado de busquedas: [The Gifted : VO]
2017-11-03 08:39:31,721 [INFO] - airtrap - dataHandler.py:24 - Este es todo el listado de busquedas: [The Good Doctor : HD]
2017-11-03 08:39:31,722 [INFO] - airtrap - dataHandler.py:24 - Este es todo el listado de busquedas: [El Ministerio del Tiempo : HD]
2017-11-03 08:39:31,722 [INFO] - airtrap - dataHandler.py:24 - Este es todo el listado de busquedas: [The Americans : HD]
2017-11-03 08:39:31,723 [INFO] - airtrap - dataHandler.py:24 - Este es todo el listado de busquedas: [Liar : HD]
2017-11-03 08:39:33,740 [INFO] - airtrap - airtrapHandler.py:128 - test False
2017-11-03 08:39:33,741 [INFO] - airtrap - torrentHandler.py:38 - Intentando conectar con : 85.53.90.10:1701
2017-11-03 08:39:33,805 [INFO] - transmissionrpc - client.py:209 - Server responded with 409, trying to set session-id.
2017-11-03 08:39:33,837 [INFO] - transmissionrpc - client.py:249 - http request took 0.087 s
2017-11-03 08:39:33,865 [INFO] - transmissionrpc - client.py:249 - http request took 0.024 s
2017-11-03 08:39:33,868 [INFO] - airtrap - airtrapHandler.py:139 - Buscamos Taken para NRS01E09 - NRS99E99
2017-11-03 08:39:33,869 [INFO] - newpct1_handler - newpct1_handler.py:259 -  ---> Processando con el plugin .... title=Taken epstart=NRS01E09 epend=NRS99E99 -- True
2017-11-03 08:39:33,873 [INFO] - newpct1_handler - newpct1_handler.py:112 - Buscamos {'q': u'"Taken"', 'ordenar': 'Nombre', 'categoryIDR': '767', 'inon': 'Descendente'}
2017-11-03 08:39:47,215 [INFO] - newpct1_handler - newpct1_handler.py:236 - [Rechazado] (Taken) cap: NRS01E08 para NRS01E09 de  NRS99E99 
2017-11-03 08:39:47,217 [INFO] - newpct1_handler - newpct1_handler.py:236 - [Rechazado] (Taken) cap: NRS01E03 para NRS01E09 de  NRS99E99 
2017-11-03 08:39:47,218 [INFO] - newpct1_handler - newpct1_handler.py:236 - [Rechazado] (Taken) cap: NRS01E01 para NRS01E09 de  NRS99E99 
2017-11-03 08:39:47,219 [INFO] - newpct1_handler - newpct1_handler.py:281 - links recuperados/filtrados en la pagina 1 de 0 : 0 -- False
2017-11-03 08:39:47,219 [INFO] - newpct1_handler - newpct1_handler.py:296 - Recuperando 0 torrent, esto puede tardar un poco, tenga paciencia
2017-11-03 08:39:47,220 [INFO] - airtrap - airtrapHandler.py:147 - 0 enlaces de title=Taken epstart=NRS01E09 epend=NRS99E99
2017-11-03 08:39:47,245 [INFO] - transmissionrpc - client.py:249 - http request took 0.024 s
2017-11-03 08:39:47,246 [INFO] - airtrap - airtrapHandler.py:139 - Buscamos Marvels Agents of S.H.I.E.L.D para NRS04E23 - NRS99E99
2017-11-03 08:39:47,247 [INFO] - newpct1_handler - newpct1_handler.py:259 -  ---> Processando con el plugin .... title=Marvels Agents of S.H.I.E.L.D epstart=NRS04E23 epend=NRS99E99 -- True
2017-11-03 08:39:47,248 [INFO] - newpct1_handler - newpct1_handler.py:112 - Buscamos {'q': u'"Marvels Agents of S.H.I.E.L.D"', 'ordenar': 'Nombre', 'categoryIDR': '767', 'inon': 'Descendente'}
2017-11-03 08:40:01,136 [INFO] - newpct1_handler - newpct1_handler.py:236 - [Rechazado] (Marvels Agents of S.H.I.E.L.D) cap: NRS04E22 para NRS04E23 de  NRS99E99 
2017-11-03 08:40:01,137 [INFO] - newpct1_handler - newpct1_handler.py:236 - [Rechazado] (Marvels Agents of S.H.I.E.L.D) cap: NRS04E21 para NRS04E23 de  NRS99E99 
2017-11-03 08:40:01,146 [INFO] - newpct1_handler - newpct1_handler.py:236 - [Rechazado] (Marvels Agents of S.H.I.E.L.D) cap: NRS04E20 para NRS04E23 de  NRS99E99 
2017-11-03 08:40:01,147 [INFO] - newpct1_handler - newpct1_handler.py:236 - [Rechazado] (Marvels Agents of S.H.I.E.L.D) cap: NRS04E19 para NRS04E23 de  NRS99E99 
2017-11-03 08:40:01,149 [INFO] - newpct1_handler - newpct1_handler.py:236 - [Rechazado] (Marvels Agents of S.H.I.E.L.D) cap: NRS04E18 para NRS04E23 de  NRS99E99 
2017-11-03 08:40:01,150 [INFO] - newpct1_handler - newpct1_handler.py:236 - [Rechazado] (Marvels Agents of S.H.I.E.L.D) cap: NRS04E17 para NRS04E23 de  NRS99E99 
2017-11-03 08:40:01,151 [INFO] - newpct1_handler - newpct1_handler.py:236 - [Rechazado] (Marvels Agents of S.H.I.E.L.D) cap: NRS04E16 para NRS04E23 de  NRS99E99 
2017-11-03 08:40:01,153 [INFO] - newpct1_handler - newpct1_handler.py:236 - [Rechazado] (Marvels Agents of S.H.I.E.L.D) cap: NRS04E15 para NRS04E23 de  NRS99E99 
2017-11-03 08:40:01,154 [INFO] - newpct1_handler - newpct1_handler.py:236 - [Rechazado] (Marvels Agents of S.H.I.E.L.D) cap: NRS04E14 para NRS04E23 de  NRS99E99 
2017-11-03 08:40:01,155 [INFO] - newpct1_handler - newpct1_handler.py:236 - [Rechazado] (Marvels Agents of S.H.I.E.L.D) cap: NRS04E13 para NRS04E23 de  NRS99E99 
2017-11-03 08:40:01,156 [INFO] - newpct1_handler - newpct1_handler.py:281 - links recuperados/filtrados en la pagina 1 de 9 : 0 -- False
2017-11-03 08:40:01,156 [INFO] - newpct1_handler - newpct1_handler.py:296 - Recuperando 0 torrent, esto puede tardar un poco, tenga paciencia
2017-11-03 08:40:01,157 [INFO] - airtrap - airtrapHandler.py:147 - 0 enlaces de title=Marvels Agents of S.H.I.E.L.D epstart=NRS04E23 epend=NRS99E99
2017-11-03 08:40:01,183 [INFO] - transmissionrpc - client.py:249 - http request took 0.025 s
2017-11-03 08:40:01,184 [INFO] - airtrap - airtrapHandler.py:139 - Buscamos El Tirador para NRS02E09 - NRS99E99
2017-11-03 08:40:01,185 [INFO] - newpct1_handler - newpct1_handler.py:259 -  ---> Processando con el plugin .... title=El Tirador epstart=NRS02E09 epend=NRS99E99 -- True
2017-11-03 08:40:01,186 [INFO] - newpct1_handler - newpct1_handler.py:112 - Buscamos {'q': u'"El Tirador"', 'ordenar': 'Nombre', 'categoryIDR': '767', 'inon': 'Descendente'}
2017-11-03 08:40:15,009 [INFO] - newpct1_handler - newpct1_handler.py:236 - [Rechazado] (El Tirador) cap: NRS02E08 para NRS02E09 de  NRS99E99 
2017-11-03 08:40:15,010 [INFO] - newpct1_handler - newpct1_handler.py:236 - [Rechazado] (El Tirador) cap: NRS02E07 para NRS02E09 de  NRS99E99 
2017-11-03 08:40:15,011 [INFO] - newpct1_handler - newpct1_handler.py:236 - [Rechazado] (El Tirador) cap: NRS02E06 para NRS02E09 de  NRS99E99 
2017-11-03 08:40:15,013 [INFO] - newpct1_handler - newpct1_handler.py:236 - [Rechazado] (El Tirador) cap: NRS02E05 para NRS02E09 de  NRS99E99 
2017-11-03 08:40:15,014 [INFO] - newpct1_handler - newpct1_handler.py:236 - [Rechazado] (El Tirador) cap: NRS02E04 para NRS02E09 de  NRS99E99 
2017-11-03 08:40:15,015 [INFO] - newpct1_handler - newpct1_handler.py:236 - [Rechazado] (El Tirador) cap: NRS02E03 para NRS02E09 de  NRS99E99 
2017-11-03 08:40:15,016 [INFO] - newpct1_handler - newpct1_handler.py:236 - [Rechazado] (El Tirador) cap: NRS02E02 para NRS02E09 de  NRS99E99 
2017-11-03 08:40:15,018 [INFO] - newpct1_handler - newpct1_handler.py:236 - [Rechazado] (El Tirador) cap: NRS02E01 para NRS02E09 de  NRS99E99 
2017-11-03 08:40:15,019 [INFO] - newpct1_handler - newpct1_handler.py:236 - [Rechazado] (El Tirador) cap: NRS01E10 para NRS02E09 de  NRS99E99 
2017-11-03 08:40:15,020 [INFO] - newpct1_handler - newpct1_handler.py:236 - [Rechazado] (El Tirador) cap: NRS01E09 para NRS02E09 de  NRS99E99 
2017-11-03 08:40:15,021 [INFO] - newpct1_handler - newpct1_handler.py:281 - links recuperados/filtrados en la pagina 1 de 2 : 0 -- False
2017-11-03 08:40:15,021 [INFO] - newpct1_handler - newpct1_handler.py:296 - Recuperando 0 torrent, esto puede tardar un poco, tenga paciencia
2017-11-03 08:40:15,022 [INFO] - airtrap - airtrapHandler.py:147 - 0 enlaces de title=El Tirador epstart=NRS02E09 epend=NRS99E99
2017-11-03 08:40:15,050 [INFO] - transmissionrpc - client.py:249 - http request took 0.027 s
2017-11-03 08:40:15,051 [INFO] - airtrap - airtrapHandler.py:139 - Buscamos The Defenders para HDS01E09 - HDS99E99
2017-11-03 08:40:15,052 [INFO] - newpct1_handler - newpct1_handler.py:259 -  ---> Processando con el plugin .... title=The Defenders epstart=HDS01E09 epend=HDS99E99 -- True
2017-11-03 08:40:15,053 [INFO] - newpct1_handler - newpct1_handler.py:112 - Buscamos {'q': u'"The Defenders"', 'ordenar': 'Nombre', 'categoryIDR': '1469', 'inon': 'Descendente'}
